2025-07-11 08:17:40 [ERROR]: uncaughtException: Route.post() requires a callback function but got a [object Undefined]
Error: Route.post() requires a callback function but got a [object Undefined]
    at Route.<computed> [as post] (/Users/denisbogoslovskiy/WebstormProjects/e-commerce/api/node_modules/express/lib/router/route.js:216:15)
    at proto.<computed> [as post] (/Users/denisbogoslovskiy/WebstormProjects/e-commerce/api/node_modules/express/lib/router/index.js:521:19)
    at <anonymous> (/Users/denisbogoslovskiy/WebstormProjects/e-commerce/api/src/routes/auth.routes.ts:16:8)
    at ModuleJob.run (node:internal/modules/esm/module_job:195:25)
    at async ModuleLoader.import (node:internal/modules/esm/loader:337:24)
    at async loadESM (node:internal/process/esm_loader:34:7)
    at async handleMainPromise (node:internal/modules/run_main:106:12) {"error":{},"exception":true,"date":"Fri Jul 11 2025 08:17:40 GMT+0300 (Eastern European Summer Time)","process":{"pid":98494,"uid":501,"gid":20,"cwd":"/Users/denisbogoslovskiy/WebstormProjects/e-commerce/api","execPath":"/Users/denisbogoslovskiy/.nvm/versions/node/v18.20.5/bin/node","version":"v18.20.5","argv":["/Users/denisbogoslovskiy/.nvm/versions/node/v18.20.5/bin/node","/Users/denisbogoslovskiy/WebstormProjects/e-commerce/api/app.ts"],"memoryUsage":{"rss":96780288,"heapTotal":33046528,"heapUsed":22105128,"external":3260325,"arrayBuffers":747561}},"os":{"loadavg":[2.87109375,2.8681640625,2.77880859375],"uptime":305573},"trace":[{"column":15,"file":"/Users/denisbogoslovskiy/WebstormProjects/e-commerce/api/node_modules/express/lib/router/route.js","function":"Route.<computed> [as post]","line":216,"method":"<computed> [as post]","native":false},{"column":19,"file":"/Users/denisbogoslovskiy/WebstormProjects/e-commerce/api/node_modules/express/lib/router/index.js","function":"proto.<computed> [as post]","line":521,"method":"<computed> [as post]","native":false},{"column":8,"file":"/Users/denisbogoslovskiy/WebstormProjects/e-commerce/api/src/routes/auth.routes.ts","function":"<anonymous>","line":16,"method":null,"native":false},{"column":25,"file":"node:internal/modules/esm/module_job","function":"ModuleJob.run","line":195,"method":"run","native":false},{"column":24,"file":"node:internal/modules/esm/loader","function":"async ModuleLoader.import","line":337,"method":"import","native":false},{"column":7,"file":"node:internal/process/esm_loader","function":"async loadESM","line":34,"method":null,"native":false},{"column":12,"file":"node:internal/modules/run_main","function":"async handleMainPromise","line":106,"method":null,"native":false}]}
Error: Route.post() requires a callback function but got a [object Undefined]
    at Route.<computed> [as post] (/Users/denisbogoslovskiy/WebstormProjects/e-commerce/api/node_modules/express/lib/router/route.js:216:15)
    at proto.<computed> [as post] (/Users/denisbogoslovskiy/WebstormProjects/e-commerce/api/node_modules/express/lib/router/index.js:521:19)
    at <anonymous> (/Users/denisbogoslovskiy/WebstormProjects/e-commerce/api/src/routes/auth.routes.ts:16:8)
    at ModuleJob.run (node:internal/modules/esm/module_job:195:25)
    at async ModuleLoader.import (node:internal/modules/esm/loader:337:24)
    at async loadESM (node:internal/process/esm_loader:34:7)
    at async handleMainPromise (node:internal/modules/run_main:106:12)
2025-07-11 08:17:49 [ERROR]: uncaughtException: Route.post() requires a callback function but got a [object Undefined]
Error: Route.post() requires a callback function but got a [object Undefined]
    at Route.<computed> [as post] (/Users/denisbogoslovskiy/WebstormProjects/e-commerce/api/node_modules/express/lib/router/route.js:216:15)
    at proto.<computed> [as post] (/Users/denisbogoslovskiy/WebstormProjects/e-commerce/api/node_modules/express/lib/router/index.js:521:19)
    at <anonymous> (/Users/denisbogoslovskiy/WebstormProjects/e-commerce/api/src/routes/auth.routes.ts:16:8)
    at ModuleJob.run (node:internal/modules/esm/module_job:195:25)
    at async ModuleLoader.import (node:internal/modules/esm/loader:337:24)
    at async loadESM (node:internal/process/esm_loader:34:7)
    at async handleMainPromise (node:internal/modules/run_main:106:12) {"error":{},"exception":true,"date":"Fri Jul 11 2025 08:17:49 GMT+0300 (Eastern European Summer Time)","process":{"pid":98524,"uid":501,"gid":20,"cwd":"/Users/denisbogoslovskiy/WebstormProjects/e-commerce/api","execPath":"/Users/denisbogoslovskiy/.nvm/versions/node/v18.20.5/bin/node","version":"v18.20.5","argv":["/Users/denisbogoslovskiy/.nvm/versions/node/v18.20.5/bin/node","/Users/denisbogoslovskiy/WebstormProjects/e-commerce/api/app.ts"],"memoryUsage":{"rss":95420416,"heapTotal":33046528,"heapUsed":22376216,"external":3267230,"arrayBuffers":754466}},"os":{"loadavg":[2.73681640625,2.8388671875,2.76904296875],"uptime":305582},"trace":[{"column":15,"file":"/Users/denisbogoslovskiy/WebstormProjects/e-commerce/api/node_modules/express/lib/router/route.js","function":"Route.<computed> [as post]","line":216,"method":"<computed> [as post]","native":false},{"column":19,"file":"/Users/denisbogoslovskiy/WebstormProjects/e-commerce/api/node_modules/express/lib/router/index.js","function":"proto.<computed> [as post]","line":521,"method":"<computed> [as post]","native":false},{"column":8,"file":"/Users/denisbogoslovskiy/WebstormProjects/e-commerce/api/src/routes/auth.routes.ts","function":"<anonymous>","line":16,"method":null,"native":false},{"column":25,"file":"node:internal/modules/esm/module_job","function":"ModuleJob.run","line":195,"method":"run","native":false},{"column":24,"file":"node:internal/modules/esm/loader","function":"async ModuleLoader.import","line":337,"method":"import","native":false},{"column":7,"file":"node:internal/process/esm_loader","function":"async loadESM","line":34,"method":null,"native":false},{"column":12,"file":"node:internal/modules/run_main","function":"async handleMainPromise","line":106,"method":null,"native":false}]}
Error: Route.post() requires a callback function but got a [object Undefined]
    at Route.<computed> [as post] (/Users/denisbogoslovskiy/WebstormProjects/e-commerce/api/node_modules/express/lib/router/route.js:216:15)
    at proto.<computed> [as post] (/Users/denisbogoslovskiy/WebstormProjects/e-commerce/api/node_modules/express/lib/router/index.js:521:19)
    at <anonymous> (/Users/denisbogoslovskiy/WebstormProjects/e-commerce/api/src/routes/auth.routes.ts:16:8)
    at ModuleJob.run (node:internal/modules/esm/module_job:195:25)
    at async ModuleLoader.import (node:internal/modules/esm/loader:337:24)
    at async loadESM (node:internal/process/esm_loader:34:7)
    at async handleMainPromise (node:internal/modules/run_main:106:12)
2025-07-11 08:19:18 [ERROR]: uncaughtException: Route.post() requires a callback function but got a [object Undefined]
Error: Route.post() requires a callback function but got a [object Undefined]
    at Route.<computed> [as post] (/Users/denisbogoslovskiy/WebstormProjects/e-commerce/api/node_modules/express/lib/router/route.js:216:15)
    at proto.<computed> [as post] (/Users/denisbogoslovskiy/WebstormProjects/e-commerce/api/node_modules/express/lib/router/index.js:521:19)
    at <anonymous> (/Users/denisbogoslovskiy/WebstormProjects/e-commerce/api/src/routes/auth.routes.ts:16:8)
    at ModuleJob.run (node:internal/modules/esm/module_job:195:25)
    at async ModuleLoader.import (node:internal/modules/esm/loader:337:24)
    at async loadESM (node:internal/process/esm_loader:34:7)
    at async handleMainPromise (node:internal/modules/run_main:106:12) {"error":{},"exception":true,"date":"Fri Jul 11 2025 08:19:18 GMT+0300 (Eastern European Summer Time)","process":{"pid":98564,"uid":501,"gid":20,"cwd":"/Users/denisbogoslovskiy/WebstormProjects/e-commerce/api","execPath":"/Users/denisbogoslovskiy/.nvm/versions/node/v18.20.5/bin/node","version":"v18.20.5","argv":["/Users/denisbogoslovskiy/.nvm/versions/node/v18.20.5/bin/node","/Users/denisbogoslovskiy/WebstormProjects/e-commerce/api/app.ts"],"memoryUsage":{"rss":88915968,"heapTotal":33046528,"heapUsed":22087840,"external":3252133,"arrayBuffers":739369}},"os":{"loadavg":[4.37255859375,3.25830078125,2.9287109375],"uptime":305671},"trace":[{"column":15,"file":"/Users/denisbogoslovskiy/WebstormProjects/e-commerce/api/node_modules/express/lib/router/route.js","function":"Route.<computed> [as post]","line":216,"method":"<computed> [as post]","native":false},{"column":19,"file":"/Users/denisbogoslovskiy/WebstormProjects/e-commerce/api/node_modules/express/lib/router/index.js","function":"proto.<computed> [as post]","line":521,"method":"<computed> [as post]","native":false},{"column":8,"file":"/Users/denisbogoslovskiy/WebstormProjects/e-commerce/api/src/routes/auth.routes.ts","function":"<anonymous>","line":16,"method":null,"native":false},{"column":25,"file":"node:internal/modules/esm/module_job","function":"ModuleJob.run","line":195,"method":"run","native":false},{"column":24,"file":"node:internal/modules/esm/loader","function":"async ModuleLoader.import","line":337,"method":"import","native":false},{"column":7,"file":"node:internal/process/esm_loader","function":"async loadESM","line":34,"method":null,"native":false},{"column":12,"file":"node:internal/modules/run_main","function":"async handleMainPromise","line":106,"method":null,"native":false}]}
Error: Route.post() requires a callback function but got a [object Undefined]
    at Route.<computed> [as post] (/Users/denisbogoslovskiy/WebstormProjects/e-commerce/api/node_modules/express/lib/router/route.js:216:15)
    at proto.<computed> [as post] (/Users/denisbogoslovskiy/WebstormProjects/e-commerce/api/node_modules/express/lib/router/index.js:521:19)
    at <anonymous> (/Users/denisbogoslovskiy/WebstormProjects/e-commerce/api/src/routes/auth.routes.ts:16:8)
    at ModuleJob.run (node:internal/modules/esm/module_job:195:25)
    at async ModuleLoader.import (node:internal/modules/esm/loader:337:24)
    at async loadESM (node:internal/process/esm_loader:34:7)
    at async handleMainPromise (node:internal/modules/run_main:106:12)
2025-07-11 08:20:10 [ERROR]: uncaughtException: Route.post() requires a callback function but got a [object Undefined]
Error: Route.post() requires a callback function but got a [object Undefined]
    at Route.<computed> [as post] (/Users/denisbogoslovskiy/WebstormProjects/e-commerce/api/node_modules/express/lib/router/route.js:216:15)
    at proto.<computed> [as post] (/Users/denisbogoslovskiy/WebstormProjects/e-commerce/api/node_modules/express/lib/router/index.js:521:19)
    at <anonymous> (/Users/denisbogoslovskiy/WebstormProjects/e-commerce/api/src/routes/auth.routes.ts:16:8)
    at ModuleJob.run (node:internal/modules/esm/module_job:195:25)
    at async ModuleLoader.import (node:internal/modules/esm/loader:337:24)
    at async loadESM (node:internal/process/esm_loader:34:7)
    at async handleMainPromise (node:internal/modules/run_main:106:12) {"error":{},"exception":true,"date":"Fri Jul 11 2025 08:20:10 GMT+0300 (Eastern European Summer Time)","process":{"pid":98603,"uid":501,"gid":20,"cwd":"/Users/denisbogoslovskiy/WebstormProjects/e-commerce/api","execPath":"/Users/denisbogoslovskiy/.nvm/versions/node/v18.20.5/bin/node","version":"v18.20.5","argv":["/Users/denisbogoslovskiy/.nvm/versions/node/v18.20.5/bin/node","/Users/denisbogoslovskiy/WebstormProjects/e-commerce/api/app.ts"],"memoryUsage":{"rss":89833472,"heapTotal":33046528,"heapUsed":22023888,"external":3260325,"arrayBuffers":747561}},"os":{"loadavg":[4.3671875,3.51318359375,3.046875],"uptime":305723},"trace":[{"column":15,"file":"/Users/denisbogoslovskiy/WebstormProjects/e-commerce/api/node_modules/express/lib/router/route.js","function":"Route.<computed> [as post]","line":216,"method":"<computed> [as post]","native":false},{"column":19,"file":"/Users/denisbogoslovskiy/WebstormProjects/e-commerce/api/node_modules/express/lib/router/index.js","function":"proto.<computed> [as post]","line":521,"method":"<computed> [as post]","native":false},{"column":8,"file":"/Users/denisbogoslovskiy/WebstormProjects/e-commerce/api/src/routes/auth.routes.ts","function":"<anonymous>","line":16,"method":null,"native":false},{"column":25,"file":"node:internal/modules/esm/module_job","function":"ModuleJob.run","line":195,"method":"run","native":false},{"column":24,"file":"node:internal/modules/esm/loader","function":"async ModuleLoader.import","line":337,"method":"import","native":false},{"column":7,"file":"node:internal/process/esm_loader","function":"async loadESM","line":34,"method":null,"native":false},{"column":12,"file":"node:internal/modules/run_main","function":"async handleMainPromise","line":106,"method":null,"native":false}]}
Error: Route.post() requires a callback function but got a [object Undefined]
    at Route.<computed> [as post] (/Users/denisbogoslovskiy/WebstormProjects/e-commerce/api/node_modules/express/lib/router/route.js:216:15)
    at proto.<computed> [as post] (/Users/denisbogoslovskiy/WebstormProjects/e-commerce/api/node_modules/express/lib/router/index.js:521:19)
    at <anonymous> (/Users/denisbogoslovskiy/WebstormProjects/e-commerce/api/src/routes/auth.routes.ts:16:8)
    at ModuleJob.run (node:internal/modules/esm/module_job:195:25)
    at async ModuleLoader.import (node:internal/modules/esm/loader:337:24)
    at async loadESM (node:internal/process/esm_loader:34:7)
    at async handleMainPromise (node:internal/modules/run_main:106:12)
2025-07-11 08:21:02 [ERROR]: uncaughtException: Route.post() requires a callback function but got a [object Undefined]
Error: Route.post() requires a callback function but got a [object Undefined]
    at Route.<computed> [as post] (/Users/denisbogoslovskiy/WebstormProjects/e-commerce/api/node_modules/express/lib/router/route.js:216:15)
    at proto.<computed> [as post] (/Users/denisbogoslovskiy/WebstormProjects/e-commerce/api/node_modules/express/lib/router/index.js:521:19)
    at <anonymous> (/Users/denisbogoslovskiy/WebstormProjects/e-commerce/api/src/routes/auth.routes.ts:16:8)
    at ModuleJob.run (node:internal/modules/esm/module_job:195:25)
    at async ModuleLoader.import (node:internal/modules/esm/loader:337:24)
    at async loadESM (node:internal/process/esm_loader:34:7)
    at async handleMainPromise (node:internal/modules/run_main:106:12) {"error":{},"exception":true,"date":"Fri Jul 11 2025 08:21:02 GMT+0300 (Eastern European Summer Time)","process":{"pid":98670,"uid":501,"gid":20,"cwd":"/Users/denisbogoslovskiy/WebstormProjects/e-commerce/api","execPath":"/Users/denisbogoslovskiy/.nvm/versions/node/v18.20.5/bin/node","version":"v18.20.5","argv":["/Users/denisbogoslovskiy/.nvm/versions/node/v18.20.5/bin/node","/Users/denisbogoslovskiy/WebstormProjects/e-commerce/api/app.ts"],"memoryUsage":{"rss":82296832,"heapTotal":33570816,"heapUsed":22553648,"external":3252133,"arrayBuffers":739369}},"os":{"loadavg":[6.46826171875,4.1689453125,3.3125],"uptime":305775},"trace":[{"column":15,"file":"/Users/denisbogoslovskiy/WebstormProjects/e-commerce/api/node_modules/express/lib/router/route.js","function":"Route.<computed> [as post]","line":216,"method":"<computed> [as post]","native":false},{"column":19,"file":"/Users/denisbogoslovskiy/WebstormProjects/e-commerce/api/node_modules/express/lib/router/index.js","function":"proto.<computed> [as post]","line":521,"method":"<computed> [as post]","native":false},{"column":8,"file":"/Users/denisbogoslovskiy/WebstormProjects/e-commerce/api/src/routes/auth.routes.ts","function":"<anonymous>","line":16,"method":null,"native":false},{"column":25,"file":"node:internal/modules/esm/module_job","function":"ModuleJob.run","line":195,"method":"run","native":false},{"column":24,"file":"node:internal/modules/esm/loader","function":"async ModuleLoader.import","line":337,"method":"import","native":false},{"column":7,"file":"node:internal/process/esm_loader","function":"async loadESM","line":34,"method":null,"native":false},{"column":12,"file":"node:internal/modules/run_main","function":"async handleMainPromise","line":106,"method":null,"native":false}]}
Error: Route.post() requires a callback function but got a [object Undefined]
    at Route.<computed> [as post] (/Users/denisbogoslovskiy/WebstormProjects/e-commerce/api/node_modules/express/lib/router/route.js:216:15)
    at proto.<computed> [as post] (/Users/denisbogoslovskiy/WebstormProjects/e-commerce/api/node_modules/express/lib/router/index.js:521:19)
    at <anonymous> (/Users/denisbogoslovskiy/WebstormProjects/e-commerce/api/src/routes/auth.routes.ts:16:8)
    at ModuleJob.run (node:internal/modules/esm/module_job:195:25)
    at async ModuleLoader.import (node:internal/modules/esm/loader:337:24)
    at async loadESM (node:internal/process/esm_loader:34:7)
    at async handleMainPromise (node:internal/modules/run_main:106:12)
2025-07-11 08:53:28 [ERROR]: uncaughtException: Route.get() requires a callback function but got a [object Undefined]
Error: Route.get() requires a callback function but got a [object Undefined]
    at Route.<computed> [as get] (/Users/denisbogoslovskiy/WebstormProjects/e-commerce/api/node_modules/express/lib/router/route.js:216:15)
    at proto.<computed> [as get] (/Users/denisbogoslovskiy/WebstormProjects/e-commerce/api/node_modules/express/lib/router/index.js:521:19)
    at <anonymous> (/Users/denisbogoslovskiy/WebstormProjects/e-commerce/api/src/routes/products.routes.ts:13:8)
    at ModuleJob.run (node:internal/modules/esm/module_job:195:25)
    at async ModuleLoader.import (node:internal/modules/esm/loader:337:24)
    at async loadESM (node:internal/process/esm_loader:34:7)
    at async handleMainPromise (node:internal/modules/run_main:106:12) {"error":{},"exception":true,"date":"Fri Jul 11 2025 08:53:28 GMT+0300 (Eastern European Summer Time)","process":{"pid":99659,"uid":501,"gid":20,"cwd":"/Users/denisbogoslovskiy/WebstormProjects/e-commerce/api","execPath":"/Users/denisbogoslovskiy/.nvm/versions/node/v18.20.5/bin/node","version":"v18.20.5","argv":["/Users/denisbogoslovskiy/.nvm/versions/node/v18.20.5/bin/node","/Users/denisbogoslovskiy/WebstormProjects/e-commerce/api/app.ts"],"memoryUsage":{"rss":93962240,"heapTotal":33046528,"heapUsed":18403712,"external":2726661,"arrayBuffers":213897}},"os":{"loadavg":[3.93359375,3.83349609375,3.681640625],"uptime":307721},"trace":[{"column":15,"file":"/Users/denisbogoslovskiy/WebstormProjects/e-commerce/api/node_modules/express/lib/router/route.js","function":"Route.<computed> [as get]","line":216,"method":"<computed> [as get]","native":false},{"column":19,"file":"/Users/denisbogoslovskiy/WebstormProjects/e-commerce/api/node_modules/express/lib/router/index.js","function":"proto.<computed> [as get]","line":521,"method":"<computed> [as get]","native":false},{"column":8,"file":"/Users/denisbogoslovskiy/WebstormProjects/e-commerce/api/src/routes/products.routes.ts","function":"<anonymous>","line":13,"method":null,"native":false},{"column":25,"file":"node:internal/modules/esm/module_job","function":"ModuleJob.run","line":195,"method":"run","native":false},{"column":24,"file":"node:internal/modules/esm/loader","function":"async ModuleLoader.import","line":337,"method":"import","native":false},{"column":7,"file":"node:internal/process/esm_loader","function":"async loadESM","line":34,"method":null,"native":false},{"column":12,"file":"node:internal/modules/run_main","function":"async handleMainPromise","line":106,"method":null,"native":false}]}
Error: Route.get() requires a callback function but got a [object Undefined]
    at Route.<computed> [as get] (/Users/denisbogoslovskiy/WebstormProjects/e-commerce/api/node_modules/express/lib/router/route.js:216:15)
    at proto.<computed> [as get] (/Users/denisbogoslovskiy/WebstormProjects/e-commerce/api/node_modules/express/lib/router/index.js:521:19)
    at <anonymous> (/Users/denisbogoslovskiy/WebstormProjects/e-commerce/api/src/routes/products.routes.ts:13:8)
    at ModuleJob.run (node:internal/modules/esm/module_job:195:25)
    at async ModuleLoader.import (node:internal/modules/esm/loader:337:24)
    at async loadESM (node:internal/process/esm_loader:34:7)
    at async handleMainPromise (node:internal/modules/run_main:106:12)
2025-07-11 08:55:00 [ERROR]: uncaughtException: Route.get() requires a callback function but got a [object Undefined]
Error: Route.get() requires a callback function but got a [object Undefined]
    at Route.<computed> [as get] (/Users/denisbogoslovskiy/WebstormProjects/e-commerce/api/node_modules/express/lib/router/route.js:216:15)
    at proto.<computed> [as get] (/Users/denisbogoslovskiy/WebstormProjects/e-commerce/api/node_modules/express/lib/router/index.js:521:19)
    at <anonymous> (/Users/denisbogoslovskiy/WebstormProjects/e-commerce/api/src/routes/products.routes.ts:13:8)
    at ModuleJob.run (node:internal/modules/esm/module_job:195:25)
    at async ModuleLoader.import (node:internal/modules/esm/loader:337:24)
    at async loadESM (node:internal/process/esm_loader:34:7)
    at async handleMainPromise (node:internal/modules/run_main:106:12) {"error":{},"exception":true,"date":"Fri Jul 11 2025 08:55:00 GMT+0300 (Eastern European Summer Time)","process":{"pid":99729,"uid":501,"gid":20,"cwd":"/Users/denisbogoslovskiy/WebstormProjects/e-commerce/api","execPath":"/Users/denisbogoslovskiy/.nvm/versions/node/v18.20.5/bin/node","version":"v18.20.5","argv":["/Users/denisbogoslovskiy/.nvm/versions/node/v18.20.5/bin/node","/Users/denisbogoslovskiy/WebstormProjects/e-commerce/api/app.ts"],"memoryUsage":{"rss":97533952,"heapTotal":33259520,"heapUsed":22776712,"external":3051050,"arrayBuffers":538286}},"os":{"loadavg":[3.125,3.62548828125,3.6171875],"uptime":307813},"trace":[{"column":15,"file":"/Users/denisbogoslovskiy/WebstormProjects/e-commerce/api/node_modules/express/lib/router/route.js","function":"Route.<computed> [as get]","line":216,"method":"<computed> [as get]","native":false},{"column":19,"file":"/Users/denisbogoslovskiy/WebstormProjects/e-commerce/api/node_modules/express/lib/router/index.js","function":"proto.<computed> [as get]","line":521,"method":"<computed> [as get]","native":false},{"column":8,"file":"/Users/denisbogoslovskiy/WebstormProjects/e-commerce/api/src/routes/products.routes.ts","function":"<anonymous>","line":13,"method":null,"native":false},{"column":25,"file":"node:internal/modules/esm/module_job","function":"ModuleJob.run","line":195,"method":"run","native":false},{"column":24,"file":"node:internal/modules/esm/loader","function":"async ModuleLoader.import","line":337,"method":"import","native":false},{"column":7,"file":"node:internal/process/esm_loader","function":"async loadESM","line":34,"method":null,"native":false},{"column":12,"file":"node:internal/modules/run_main","function":"async handleMainPromise","line":106,"method":null,"native":false}]}
Error: Route.get() requires a callback function but got a [object Undefined]
    at Route.<computed> [as get] (/Users/denisbogoslovskiy/WebstormProjects/e-commerce/api/node_modules/express/lib/router/route.js:216:15)
    at proto.<computed> [as get] (/Users/denisbogoslovskiy/WebstormProjects/e-commerce/api/node_modules/express/lib/router/index.js:521:19)
    at <anonymous> (/Users/denisbogoslovskiy/WebstormProjects/e-commerce/api/src/routes/products.routes.ts:13:8)
    at ModuleJob.run (node:internal/modules/esm/module_job:195:25)
    at async ModuleLoader.import (node:internal/modules/esm/loader:337:24)
    at async loadESM (node:internal/process/esm_loader:34:7)
    at async handleMainPromise (node:internal/modules/run_main:106:12)
2025-07-11 08:56:01 [ERROR]: uncaughtException: Route.get() requires a callback function but got a [object Undefined]
Error: Route.get() requires a callback function but got a [object Undefined]
    at Route.<computed> [as get] (/Users/denisbogoslovskiy/WebstormProjects/e-commerce/api/node_modules/express/lib/router/route.js:216:15)
    at proto.<computed> [as get] (/Users/denisbogoslovskiy/WebstormProjects/e-commerce/api/node_modules/express/lib/router/index.js:521:19)
    at <anonymous> (/Users/denisbogoslovskiy/WebstormProjects/e-commerce/api/src/routes/products.routes.ts:13:8)
    at ModuleJob.run (node:internal/modules/esm/module_job:195:25)
    at async ModuleLoader.import (node:internal/modules/esm/loader:337:24)
    at async loadESM (node:internal/process/esm_loader:34:7)
    at async handleMainPromise (node:internal/modules/run_main:106:12) {"error":{},"exception":true,"date":"Fri Jul 11 2025 08:56:01 GMT+0300 (Eastern European Summer Time)","process":{"pid":99788,"uid":501,"gid":20,"cwd":"/Users/denisbogoslovskiy/WebstormProjects/e-commerce/api","execPath":"/Users/denisbogoslovskiy/.nvm/versions/node/v18.20.5/bin/node","version":"v18.20.5","argv":["/Users/denisbogoslovskiy/.nvm/versions/node/v18.20.5/bin/node","/Users/denisbogoslovskiy/WebstormProjects/e-commerce/api/app.ts"],"memoryUsage":{"rss":95256576,"heapTotal":33570816,"heapUsed":17834680,"external":2676691,"arrayBuffers":163927}},"os":{"loadavg":[2.79638671875,3.47021484375,3.56005859375],"uptime":307874},"trace":[{"column":15,"file":"/Users/denisbogoslovskiy/WebstormProjects/e-commerce/api/node_modules/express/lib/router/route.js","function":"Route.<computed> [as get]","line":216,"method":"<computed> [as get]","native":false},{"column":19,"file":"/Users/denisbogoslovskiy/WebstormProjects/e-commerce/api/node_modules/express/lib/router/index.js","function":"proto.<computed> [as get]","line":521,"method":"<computed> [as get]","native":false},{"column":8,"file":"/Users/denisbogoslovskiy/WebstormProjects/e-commerce/api/src/routes/products.routes.ts","function":"<anonymous>","line":13,"method":null,"native":false},{"column":25,"file":"node:internal/modules/esm/module_job","function":"ModuleJob.run","line":195,"method":"run","native":false},{"column":24,"file":"node:internal/modules/esm/loader","function":"async ModuleLoader.import","line":337,"method":"import","native":false},{"column":7,"file":"node:internal/process/esm_loader","function":"async loadESM","line":34,"method":null,"native":false},{"column":12,"file":"node:internal/modules/run_main","function":"async handleMainPromise","line":106,"method":null,"native":false}]}
Error: Route.get() requires a callback function but got a [object Undefined]
    at Route.<computed> [as get] (/Users/denisbogoslovskiy/WebstormProjects/e-commerce/api/node_modules/express/lib/router/route.js:216:15)
    at proto.<computed> [as get] (/Users/denisbogoslovskiy/WebstormProjects/e-commerce/api/node_modules/express/lib/router/index.js:521:19)
    at <anonymous> (/Users/denisbogoslovskiy/WebstormProjects/e-commerce/api/src/routes/products.routes.ts:13:8)
    at ModuleJob.run (node:internal/modules/esm/module_job:195:25)
    at async ModuleLoader.import (node:internal/modules/esm/loader:337:24)
    at async loadESM (node:internal/process/esm_loader:34:7)
    at async handleMainPromise (node:internal/modules/run_main:106:12)
2025-07-11 08:57:52 [ERROR]: uncaughtException: Route.get() requires a callback function but got a [object Undefined]
Error: Route.get() requires a callback function but got a [object Undefined]
    at Route.<computed> [as get] (/Users/denisbogoslovskiy/WebstormProjects/e-commerce/api/node_modules/express/lib/router/route.js:216:15)
    at proto.<computed> [as get] (/Users/denisbogoslovskiy/WebstormProjects/e-commerce/api/node_modules/express/lib/router/index.js:521:19)
    at <anonymous> (/Users/denisbogoslovskiy/WebstormProjects/e-commerce/api/src/routes/products.routes.ts:13:8)
    at ModuleJob.run (node:internal/modules/esm/module_job:195:25)
    at async ModuleLoader.import (node:internal/modules/esm/loader:337:24)
    at async loadESM (node:internal/process/esm_loader:34:7)
    at async handleMainPromise (node:internal/modules/run_main:106:12) {"error":{},"exception":true,"date":"Fri Jul 11 2025 08:57:52 GMT+0300 (Eastern European Summer Time)","process":{"pid":99835,"uid":501,"gid":20,"cwd":"/Users/denisbogoslovskiy/WebstormProjects/e-commerce/api","execPath":"/Users/denisbogoslovskiy/.nvm/versions/node/v18.20.5/bin/node","version":"v18.20.5","argv":["/Users/denisbogoslovskiy/.nvm/versions/node/v18.20.5/bin/node","/Users/denisbogoslovskiy/WebstormProjects/e-commerce/api/app.ts"],"memoryUsage":{"rss":97714176,"heapTotal":33259520,"heapUsed":19284336,"external":2742791,"arrayBuffers":230027}},"os":{"loadavg":[3.73876953125,3.7197265625,3.64990234375],"uptime":307985},"trace":[{"column":15,"file":"/Users/denisbogoslovskiy/WebstormProjects/e-commerce/api/node_modules/express/lib/router/route.js","function":"Route.<computed> [as get]","line":216,"method":"<computed> [as get]","native":false},{"column":19,"file":"/Users/denisbogoslovskiy/WebstormProjects/e-commerce/api/node_modules/express/lib/router/index.js","function":"proto.<computed> [as get]","line":521,"method":"<computed> [as get]","native":false},{"column":8,"file":"/Users/denisbogoslovskiy/WebstormProjects/e-commerce/api/src/routes/products.routes.ts","function":"<anonymous>","line":13,"method":null,"native":false},{"column":25,"file":"node:internal/modules/esm/module_job","function":"ModuleJob.run","line":195,"method":"run","native":false},{"column":24,"file":"node:internal/modules/esm/loader","function":"async ModuleLoader.import","line":337,"method":"import","native":false},{"column":7,"file":"node:internal/process/esm_loader","function":"async loadESM","line":34,"method":null,"native":false},{"column":12,"file":"node:internal/modules/run_main","function":"async handleMainPromise","line":106,"method":null,"native":false}]}
Error: Route.get() requires a callback function but got a [object Undefined]
    at Route.<computed> [as get] (/Users/denisbogoslovskiy/WebstormProjects/e-commerce/api/node_modules/express/lib/router/route.js:216:15)
    at proto.<computed> [as get] (/Users/denisbogoslovskiy/WebstormProjects/e-commerce/api/node_modules/express/lib/router/index.js:521:19)
    at <anonymous> (/Users/denisbogoslovskiy/WebstormProjects/e-commerce/api/src/routes/products.routes.ts:13:8)
    at ModuleJob.run (node:internal/modules/esm/module_job:195:25)
    at async ModuleLoader.import (node:internal/modules/esm/loader:337:24)
    at async loadESM (node:internal/process/esm_loader:34:7)
    at async handleMainPromise (node:internal/modules/run_main:106:12)
2025-07-11 16:21:50 [ERROR]: uncaughtException: listen EADDRINUSE: address already in use :::3001
Error: listen EADDRINUSE: address already in use :::3001
    at __node_internal_captureLargerStackTrace (node:internal/errors:496:5)
    at __node_internal_uvExceptionWithHostPort (node:internal/errors:593:12)
    at Server.setupListenHandle [as _listen2] (node:net:1817:16)
    at listenInCluster (node:net:1865:12)
    at Server.listen (node:net:1953:7)
    at Function.listen (/Users/denisbogoslovskiy/WebstormProjects/e-commerce/api/node_modules/express/lib/application.js:635:24)
    at startServer (/Users/denisbogoslovskiy/WebstormProjects/e-commerce/api/app.ts:156:28) {"error":{"code":"EADDRINUSE","errno":-48,"syscall":"listen","address":"::","port":3001},"exception":true,"date":"Fri Jul 11 2025 16:21:50 GMT+0300 (Eastern European Summer Time)","process":{"pid":13256,"uid":501,"gid":20,"cwd":"/Users/denisbogoslovskiy/WebstormProjects/e-commerce/api","execPath":"/Users/denisbogoslovskiy/.nvm/versions/node/v18.20.5/bin/node","version":"v18.20.5","argv":["/Users/denisbogoslovskiy/.nvm/versions/node/v18.20.5/bin/node","/Users/denisbogoslovskiy/WebstormProjects/e-commerce/api/app.ts"],"memoryUsage":{"rss":133808128,"heapTotal":70008832,"heapUsed":42883104,"external":2876445,"arrayBuffers":243779}},"os":{"loadavg":[2.97705078125,3.9111328125,3.37451171875],"uptime":334622},"trace":[{"column":5,"file":"node:internal/errors","function":"__node_internal_captureLargerStackTrace","line":496,"method":null,"native":false},{"column":12,"file":"node:internal/errors","function":"__node_internal_uvExceptionWithHostPort","line":593,"method":null,"native":false},{"column":16,"file":"node:net","function":"Server.setupListenHandle [as _listen2]","line":1817,"method":"setupListenHandle [as _listen2]","native":false},{"column":12,"file":"node:net","function":"listenInCluster","line":1865,"method":null,"native":false},{"column":7,"file":"node:net","function":"Server.listen","line":1953,"method":"listen","native":false},{"column":24,"file":"/Users/denisbogoslovskiy/WebstormProjects/e-commerce/api/node_modules/express/lib/application.js","function":"Function.listen","line":635,"method":"listen","native":false},{"column":28,"file":"/Users/denisbogoslovskiy/WebstormProjects/e-commerce/api/app.ts","function":"startServer","line":156,"method":null,"native":false}]}
Error: listen EADDRINUSE: address already in use :::3001
    at __node_internal_captureLargerStackTrace (node:internal/errors:496:5)
    at __node_internal_uvExceptionWithHostPort (node:internal/errors:593:12)
    at Server.setupListenHandle [as _listen2] (node:net:1817:16)
    at listenInCluster (node:net:1865:12)
    at Server.listen (node:net:1953:7)
    at Function.listen (/Users/denisbogoslovskiy/WebstormProjects/e-commerce/api/node_modules/express/lib/application.js:635:24)
    at startServer (/Users/denisbogoslovskiy/WebstormProjects/e-commerce/api/app.ts:156:28)
2025-07-11 16:22:05 [ERROR]: uncaughtException: listen EADDRINUSE: address already in use :::3001
Error: listen EADDRINUSE: address already in use :::3001
    at __node_internal_captureLargerStackTrace (node:internal/errors:496:5)
    at __node_internal_uvExceptionWithHostPort (node:internal/errors:593:12)
    at Server.setupListenHandle [as _listen2] (node:net:1817:16)
    at listenInCluster (node:net:1865:12)
    at Server.listen (node:net:1953:7)
    at Function.listen (/Users/denisbogoslovskiy/WebstormProjects/e-commerce/api/node_modules/express/lib/application.js:635:24)
    at startServer (/Users/denisbogoslovskiy/WebstormProjects/e-commerce/api/app.ts:156:28) {"error":{"code":"EADDRINUSE","errno":-48,"syscall":"listen","address":"::","port":3001},"exception":true,"date":"Fri Jul 11 2025 16:22:05 GMT+0300 (Eastern European Summer Time)","process":{"pid":13315,"uid":501,"gid":20,"cwd":"/Users/denisbogoslovskiy/WebstormProjects/e-commerce/api","execPath":"/Users/denisbogoslovskiy/.nvm/versions/node/v18.20.5/bin/node","version":"v18.20.5","argv":["/Users/denisbogoslovskiy/.nvm/versions/node/v18.20.5/bin/node","/Users/denisbogoslovskiy/WebstormProjects/e-commerce/api/app.ts"],"memoryUsage":{"rss":139165696,"heapTotal":70533120,"heapUsed":42957736,"external":2898352,"arrayBuffers":265686}},"os":{"loadavg":[2.6982421875,3.80126953125,3.34375],"uptime":334637},"trace":[{"column":5,"file":"node:internal/errors","function":"__node_internal_captureLargerStackTrace","line":496,"method":null,"native":false},{"column":12,"file":"node:internal/errors","function":"__node_internal_uvExceptionWithHostPort","line":593,"method":null,"native":false},{"column":16,"file":"node:net","function":"Server.setupListenHandle [as _listen2]","line":1817,"method":"setupListenHandle [as _listen2]","native":false},{"column":12,"file":"node:net","function":"listenInCluster","line":1865,"method":null,"native":false},{"column":7,"file":"node:net","function":"Server.listen","line":1953,"method":"listen","native":false},{"column":24,"file":"/Users/denisbogoslovskiy/WebstormProjects/e-commerce/api/node_modules/express/lib/application.js","function":"Function.listen","line":635,"method":"listen","native":false},{"column":28,"file":"/Users/denisbogoslovskiy/WebstormProjects/e-commerce/api/app.ts","function":"startServer","line":156,"method":null,"native":false}]}
Error: listen EADDRINUSE: address already in use :::3001
    at __node_internal_captureLargerStackTrace (node:internal/errors:496:5)
    at __node_internal_uvExceptionWithHostPort (node:internal/errors:593:12)
    at Server.setupListenHandle [as _listen2] (node:net:1817:16)
    at listenInCluster (node:net:1865:12)
    at Server.listen (node:net:1953:7)
    at Function.listen (/Users/denisbogoslovskiy/WebstormProjects/e-commerce/api/node_modules/express/lib/application.js:635:24)
    at startServer (/Users/denisbogoslovskiy/WebstormProjects/e-commerce/api/app.ts:156:28)
2025-07-14 16:54:30 [ERROR]: uncaughtException: Route.post() requires a callback function but got a [object Undefined]
Error: Route.post() requires a callback function but got a [object Undefined]
    at Route.<computed> [as post] (/Users/denisbogoslovskiy/WebstormProjects/e-commerce/api/node_modules/express/lib/router/route.js:216:15)
    at proto.<computed> [as post] (/Users/denisbogoslovskiy/WebstormProjects/e-commerce/api/node_modules/express/lib/router/index.js:521:19)
    at <anonymous> (/Users/denisbogoslovskiy/WebstormProjects/e-commerce/api/src/routes/categories.routes.ts:81:8)
    at ModuleJob.run (node:internal/modules/esm/module_job:195:25)
    at async ModuleLoader.import (node:internal/modules/esm/loader:337:24)
    at async loadESM (node:internal/process/esm_loader:34:7)
    at async handleMainPromise (node:internal/modules/run_main:106:12) {"error":{},"exception":true,"date":"Mon Jul 14 2025 16:54:30 GMT+0300 (Eastern European Summer Time)","process":{"pid":17913,"uid":501,"gid":20,"cwd":"/Users/denisbogoslovskiy/WebstormProjects/e-commerce/api","execPath":"/Users/denisbogoslovskiy/.nvm/versions/node/v18.20.5/bin/node","version":"v18.20.5","argv":["/Users/denisbogoslovskiy/.nvm/versions/node/v18.20.5/bin/node","/Users/denisbogoslovskiy/WebstormProjects/e-commerce/api/app.ts"],"memoryUsage":{"rss":97714176,"heapTotal":33046528,"heapUsed":16873952,"external":3193445,"arrayBuffers":71513}},"os":{"loadavg":[4.7109375,4.4736328125,3.8349609375],"uptime":34251},"trace":[{"column":15,"file":"/Users/denisbogoslovskiy/WebstormProjects/e-commerce/api/node_modules/express/lib/router/route.js","function":"Route.<computed> [as post]","line":216,"method":"<computed> [as post]","native":false},{"column":19,"file":"/Users/denisbogoslovskiy/WebstormProjects/e-commerce/api/node_modules/express/lib/router/index.js","function":"proto.<computed> [as post]","line":521,"method":"<computed> [as post]","native":false},{"column":8,"file":"/Users/denisbogoslovskiy/WebstormProjects/e-commerce/api/src/routes/categories.routes.ts","function":"<anonymous>","line":81,"method":null,"native":false},{"column":25,"file":"node:internal/modules/esm/module_job","function":"ModuleJob.run","line":195,"method":"run","native":false},{"column":24,"file":"node:internal/modules/esm/loader","function":"async ModuleLoader.import","line":337,"method":"import","native":false},{"column":7,"file":"node:internal/process/esm_loader","function":"async loadESM","line":34,"method":null,"native":false},{"column":12,"file":"node:internal/modules/run_main","function":"async handleMainPromise","line":106,"method":null,"native":false}]}
Error: Route.post() requires a callback function but got a [object Undefined]
    at Route.<computed> [as post] (/Users/denisbogoslovskiy/WebstormProjects/e-commerce/api/node_modules/express/lib/router/route.js:216:15)
    at proto.<computed> [as post] (/Users/denisbogoslovskiy/WebstormProjects/e-commerce/api/node_modules/express/lib/router/index.js:521:19)
    at <anonymous> (/Users/denisbogoslovskiy/WebstormProjects/e-commerce/api/src/routes/categories.routes.ts:81:8)
    at ModuleJob.run (node:internal/modules/esm/module_job:195:25)
    at async ModuleLoader.import (node:internal/modules/esm/loader:337:24)
    at async loadESM (node:internal/process/esm_loader:34:7)
    at async handleMainPromise (node:internal/modules/run_main:106:12)
2025-07-14 16:55:16 [ERROR]: uncaughtException: Route.post() requires a callback function but got a [object Undefined]
Error: Route.post() requires a callback function but got a [object Undefined]
    at Route.<computed> [as post] (/Users/denisbogoslovskiy/WebstormProjects/e-commerce/api/node_modules/express/lib/router/route.js:216:15)
    at proto.<computed> [as post] (/Users/denisbogoslovskiy/WebstormProjects/e-commerce/api/node_modules/express/lib/router/index.js:521:19)
    at <anonymous> (/Users/denisbogoslovskiy/WebstormProjects/e-commerce/api/src/routes/categories.routes.ts:81:8)
    at ModuleJob.run (node:internal/modules/esm/module_job:195:25)
    at async ModuleLoader.import (node:internal/modules/esm/loader:337:24)
    at async loadESM (node:internal/process/esm_loader:34:7)
    at async handleMainPromise (node:internal/modules/run_main:106:12) {"error":{},"exception":true,"date":"Mon Jul 14 2025 16:55:16 GMT+0300 (Eastern European Summer Time)","process":{"pid":17969,"uid":501,"gid":20,"cwd":"/Users/denisbogoslovskiy/WebstormProjects/e-commerce/api","execPath":"/Users/denisbogoslovskiy/.nvm/versions/node/v18.20.5/bin/node","version":"v18.20.5","argv":["/Users/denisbogoslovskiy/.nvm/versions/node/v18.20.5/bin/node","/Users/denisbogoslovskiy/WebstormProjects/e-commerce/api/app.ts"],"memoryUsage":{"rss":96681984,"heapTotal":33308672,"heapUsed":17056568,"external":3219733,"arrayBuffers":83866}},"os":{"loadavg":[3.1982421875,4.0966796875,3.7275390625],"uptime":34297},"trace":[{"column":15,"file":"/Users/denisbogoslovskiy/WebstormProjects/e-commerce/api/node_modules/express/lib/router/route.js","function":"Route.<computed> [as post]","line":216,"method":"<computed> [as post]","native":false},{"column":19,"file":"/Users/denisbogoslovskiy/WebstormProjects/e-commerce/api/node_modules/express/lib/router/index.js","function":"proto.<computed> [as post]","line":521,"method":"<computed> [as post]","native":false},{"column":8,"file":"/Users/denisbogoslovskiy/WebstormProjects/e-commerce/api/src/routes/categories.routes.ts","function":"<anonymous>","line":81,"method":null,"native":false},{"column":25,"file":"node:internal/modules/esm/module_job","function":"ModuleJob.run","line":195,"method":"run","native":false},{"column":24,"file":"node:internal/modules/esm/loader","function":"async ModuleLoader.import","line":337,"method":"import","native":false},{"column":7,"file":"node:internal/process/esm_loader","function":"async loadESM","line":34,"method":null,"native":false},{"column":12,"file":"node:internal/modules/run_main","function":"async handleMainPromise","line":106,"method":null,"native":false}]}
Error: Route.post() requires a callback function but got a [object Undefined]
    at Route.<computed> [as post] (/Users/denisbogoslovskiy/WebstormProjects/e-commerce/api/node_modules/express/lib/router/route.js:216:15)
    at proto.<computed> [as post] (/Users/denisbogoslovskiy/WebstormProjects/e-commerce/api/node_modules/express/lib/router/index.js:521:19)
    at <anonymous> (/Users/denisbogoslovskiy/WebstormProjects/e-commerce/api/src/routes/categories.routes.ts:81:8)
    at ModuleJob.run (node:internal/modules/esm/module_job:195:25)
    at async ModuleLoader.import (node:internal/modules/esm/loader:337:24)
    at async loadESM (node:internal/process/esm_loader:34:7)
    at async handleMainPromise (node:internal/modules/run_main:106:12)
2025-07-14 16:57:26 [ERROR]: uncaughtException: Route.post() requires a callback function but got a [object Undefined]
Error: Route.post() requires a callback function but got a [object Undefined]
    at Route.<computed> [as post] (/Users/denisbogoslovskiy/WebstormProjects/e-commerce/api/node_modules/express/lib/router/route.js:216:15)
    at proto.<computed> [as post] (/Users/denisbogoslovskiy/WebstormProjects/e-commerce/api/node_modules/express/lib/router/index.js:521:19)
    at <anonymous> (/Users/denisbogoslovskiy/WebstormProjects/e-commerce/api/src/routes/categories.routes.ts:81:8)
    at ModuleJob.run (node:internal/modules/esm/module_job:195:25)
    at async ModuleLoader.import (node:internal/modules/esm/loader:337:24)
    at async loadESM (node:internal/process/esm_loader:34:7)
    at async handleMainPromise (node:internal/modules/run_main:106:12) {"error":{},"exception":true,"date":"Mon Jul 14 2025 16:57:26 GMT+0300 (Eastern European Summer Time)","process":{"pid":18080,"uid":501,"gid":20,"cwd":"/Users/denisbogoslovskiy/WebstormProjects/e-commerce/api","execPath":"/Users/denisbogoslovskiy/.nvm/versions/node/v18.20.5/bin/node","version":"v18.20.5","argv":["/Users/denisbogoslovskiy/.nvm/versions/node/v18.20.5/bin/node","/Users/denisbogoslovskiy/WebstormProjects/e-commerce/api/app.ts"],"memoryUsage":{"rss":96419840,"heapTotal":33046528,"heapUsed":16935424,"external":3219733,"arrayBuffers":83866}},"os":{"loadavg":[3.310546875,3.76416015625,3.6396484375],"uptime":34427},"trace":[{"column":15,"file":"/Users/denisbogoslovskiy/WebstormProjects/e-commerce/api/node_modules/express/lib/router/route.js","function":"Route.<computed> [as post]","line":216,"method":"<computed> [as post]","native":false},{"column":19,"file":"/Users/denisbogoslovskiy/WebstormProjects/e-commerce/api/node_modules/express/lib/router/index.js","function":"proto.<computed> [as post]","line":521,"method":"<computed> [as post]","native":false},{"column":8,"file":"/Users/denisbogoslovskiy/WebstormProjects/e-commerce/api/src/routes/categories.routes.ts","function":"<anonymous>","line":81,"method":null,"native":false},{"column":25,"file":"node:internal/modules/esm/module_job","function":"ModuleJob.run","line":195,"method":"run","native":false},{"column":24,"file":"node:internal/modules/esm/loader","function":"async ModuleLoader.import","line":337,"method":"import","native":false},{"column":7,"file":"node:internal/process/esm_loader","function":"async loadESM","line":34,"method":null,"native":false},{"column":12,"file":"node:internal/modules/run_main","function":"async handleMainPromise","line":106,"method":null,"native":false}]}
Error: Route.post() requires a callback function but got a [object Undefined]
    at Route.<computed> [as post] (/Users/denisbogoslovskiy/WebstormProjects/e-commerce/api/node_modules/express/lib/router/route.js:216:15)
    at proto.<computed> [as post] (/Users/denisbogoslovskiy/WebstormProjects/e-commerce/api/node_modules/express/lib/router/index.js:521:19)
    at <anonymous> (/Users/denisbogoslovskiy/WebstormProjects/e-commerce/api/src/routes/categories.routes.ts:81:8)
    at ModuleJob.run (node:internal/modules/esm/module_job:195:25)
    at async ModuleLoader.import (node:internal/modules/esm/loader:337:24)
    at async loadESM (node:internal/process/esm_loader:34:7)
    at async handleMainPromise (node:internal/modules/run_main:106:12)
2025-07-15 12:24:50 [ERROR]: uncaughtException: require is not defined in ES module scope, you can use import instead
ReferenceError: require is not defined in ES module scope, you can use import instead
    at <anonymous> (/Users/denisbogoslovskiy/WebstormProjects/e-commerce/api/scripts/updatePermissions.ts:150:1)
    at ModuleJob.run (node:internal/modules/esm/module_job:195:25)
    at async ModuleLoader.import (node:internal/modules/esm/loader:337:24)
    at async loadESM (node:internal/process/esm_loader:34:7)
    at async handleMainPromise (node:internal/modules/run_main:106:12) {"error":{},"exception":true,"date":"Tue Jul 15 2025 12:24:50 GMT+0300 (Eastern European Summer Time)","process":{"pid":39856,"uid":501,"gid":20,"cwd":"/Users/denisbogoslovskiy/WebstormProjects/e-commerce/api","execPath":"/Users/denisbogoslovskiy/.nvm/versions/node/v18.20.5/bin/node","version":"v18.20.5","argv":["/Users/denisbogoslovskiy/.nvm/versions/node/v18.20.5/bin/node","/Users/denisbogoslovskiy/WebstormProjects/e-commerce/api/scripts/updatePermissions.ts"],"memoryUsage":{"rss":79413248,"heapTotal":19349504,"heapUsed":13406696,"external":2565864,"arrayBuffers":250767}},"os":{"loadavg":[5.068359375,3.6962890625,3.06298828125],"uptime":104472},"trace":[{"column":1,"file":"/Users/denisbogoslovskiy/WebstormProjects/e-commerce/api/scripts/updatePermissions.ts","function":"<anonymous>","line":150,"method":null,"native":false},{"column":25,"file":"node:internal/modules/esm/module_job","function":"ModuleJob.run","line":195,"method":"run","native":false},{"column":24,"file":"node:internal/modules/esm/loader","function":"async ModuleLoader.import","line":337,"method":"import","native":false},{"column":7,"file":"node:internal/process/esm_loader","function":"async loadESM","line":34,"method":null,"native":false},{"column":12,"file":"node:internal/modules/run_main","function":"async handleMainPromise","line":106,"method":null,"native":false}]}
ReferenceError: require is not defined in ES module scope, you can use import instead
    at <anonymous> (/Users/denisbogoslovskiy/WebstormProjects/e-commerce/api/scripts/updatePermissions.ts:150:1)
    at ModuleJob.run (node:internal/modules/esm/module_job:195:25)
    at async ModuleLoader.import (node:internal/modules/esm/loader:337:24)
    at async loadESM (node:internal/process/esm_loader:34:7)
    at async handleMainPromise (node:internal/modules/run_main:106:12)
2025-07-15 13:16:37 [ERROR]: uncaughtException: Route.post() requires a callback function but got a [object Undefined]
Error: Route.post() requires a callback function but got a [object Undefined]
    at Route.<computed> [as post] (/Users/denisbogoslovskiy/WebstormProjects/e-commerce/api/node_modules/express/lib/router/route.js:216:15)
    at proto.<computed> [as post] (/Users/denisbogoslovskiy/WebstormProjects/e-commerce/api/node_modules/express/lib/router/index.js:521:19)
    at <anonymous> (/Users/denisbogoslovskiy/WebstormProjects/e-commerce/api/src/routes/products.routes.ts:104:8)
    at ModuleJob.run (node:internal/modules/esm/module_job:195:25)
    at async ModuleLoader.import (node:internal/modules/esm/loader:337:24)
    at async loadESM (node:internal/process/esm_loader:34:7)
    at async handleMainPromise (node:internal/modules/run_main:106:12) {"error":{},"exception":true,"date":"Tue Jul 15 2025 13:16:37 GMT+0300 (Eastern European Summer Time)","process":{"pid":40956,"uid":501,"gid":20,"cwd":"/Users/denisbogoslovskiy/WebstormProjects/e-commerce/api","execPath":"/Users/denisbogoslovskiy/.nvm/versions/node/v18.20.5/bin/node","version":"v18.20.5","argv":["/Users/denisbogoslovskiy/.nvm/versions/node/v18.20.5/bin/node","/Users/denisbogoslovskiy/WebstormProjects/e-commerce/api/app.ts"],"memoryUsage":{"rss":87064576,"heapTotal":33570816,"heapUsed":18532560,"external":2674167,"arrayBuffers":161403}},"os":{"loadavg":[8.2626953125,6.81982421875,5.66650390625],"uptime":107579},"trace":[{"column":15,"file":"/Users/denisbogoslovskiy/WebstormProjects/e-commerce/api/node_modules/express/lib/router/route.js","function":"Route.<computed> [as post]","line":216,"method":"<computed> [as post]","native":false},{"column":19,"file":"/Users/denisbogoslovskiy/WebstormProjects/e-commerce/api/node_modules/express/lib/router/index.js","function":"proto.<computed> [as post]","line":521,"method":"<computed> [as post]","native":false},{"column":8,"file":"/Users/denisbogoslovskiy/WebstormProjects/e-commerce/api/src/routes/products.routes.ts","function":"<anonymous>","line":104,"method":null,"native":false},{"column":25,"file":"node:internal/modules/esm/module_job","function":"ModuleJob.run","line":195,"method":"run","native":false},{"column":24,"file":"node:internal/modules/esm/loader","function":"async ModuleLoader.import","line":337,"method":"import","native":false},{"column":7,"file":"node:internal/process/esm_loader","function":"async loadESM","line":34,"method":null,"native":false},{"column":12,"file":"node:internal/modules/run_main","function":"async handleMainPromise","line":106,"method":null,"native":false}]}
Error: Route.post() requires a callback function but got a [object Undefined]
    at Route.<computed> [as post] (/Users/denisbogoslovskiy/WebstormProjects/e-commerce/api/node_modules/express/lib/router/route.js:216:15)
    at proto.<computed> [as post] (/Users/denisbogoslovskiy/WebstormProjects/e-commerce/api/node_modules/express/lib/router/index.js:521:19)
    at <anonymous> (/Users/denisbogoslovskiy/WebstormProjects/e-commerce/api/src/routes/products.routes.ts:104:8)
    at ModuleJob.run (node:internal/modules/esm/module_job:195:25)
    at async ModuleLoader.import (node:internal/modules/esm/loader:337:24)
    at async loadESM (node:internal/process/esm_loader:34:7)
    at async handleMainPromise (node:internal/modules/run_main:106:12)
2025-07-15 13:17:11 [ERROR]: uncaughtException: Route.post() requires a callback function but got a [object Undefined]
Error: Route.post() requires a callback function but got a [object Undefined]
    at Route.<computed> [as post] (/Users/denisbogoslovskiy/WebstormProjects/e-commerce/api/node_modules/express/lib/router/route.js:216:15)
    at proto.<computed> [as post] (/Users/denisbogoslovskiy/WebstormProjects/e-commerce/api/node_modules/express/lib/router/index.js:521:19)
    at <anonymous> (/Users/denisbogoslovskiy/WebstormProjects/e-commerce/api/src/routes/products.routes.ts:104:8)
    at ModuleJob.run (node:internal/modules/esm/module_job:195:25)
    at async ModuleLoader.import (node:internal/modules/esm/loader:337:24)
    at async loadESM (node:internal/process/esm_loader:34:7)
    at async handleMainPromise (node:internal/modules/run_main:106:12) {"error":{},"exception":true,"date":"Tue Jul 15 2025 13:17:11 GMT+0300 (Eastern European Summer Time)","process":{"pid":40988,"uid":501,"gid":20,"cwd":"/Users/denisbogoslovskiy/WebstormProjects/e-commerce/api","execPath":"/Users/denisbogoslovskiy/.nvm/versions/node/v18.20.5/bin/node","version":"v18.20.5","argv":["/Users/denisbogoslovskiy/.nvm/versions/node/v18.20.5/bin/node","/Users/denisbogoslovskiy/WebstormProjects/e-commerce/api/app.ts"],"memoryUsage":{"rss":98680832,"heapTotal":33570816,"heapUsed":18659600,"external":2710471,"arrayBuffers":197707}},"os":{"loadavg":[7.427734375,6.83154296875,5.71484375],"uptime":107613},"trace":[{"column":15,"file":"/Users/denisbogoslovskiy/WebstormProjects/e-commerce/api/node_modules/express/lib/router/route.js","function":"Route.<computed> [as post]","line":216,"method":"<computed> [as post]","native":false},{"column":19,"file":"/Users/denisbogoslovskiy/WebstormProjects/e-commerce/api/node_modules/express/lib/router/index.js","function":"proto.<computed> [as post]","line":521,"method":"<computed> [as post]","native":false},{"column":8,"file":"/Users/denisbogoslovskiy/WebstormProjects/e-commerce/api/src/routes/products.routes.ts","function":"<anonymous>","line":104,"method":null,"native":false},{"column":25,"file":"node:internal/modules/esm/module_job","function":"ModuleJob.run","line":195,"method":"run","native":false},{"column":24,"file":"node:internal/modules/esm/loader","function":"async ModuleLoader.import","line":337,"method":"import","native":false},{"column":7,"file":"node:internal/process/esm_loader","function":"async loadESM","line":34,"method":null,"native":false},{"column":12,"file":"node:internal/modules/run_main","function":"async handleMainPromise","line":106,"method":null,"native":false}]}
Error: Route.post() requires a callback function but got a [object Undefined]
    at Route.<computed> [as post] (/Users/denisbogoslovskiy/WebstormProjects/e-commerce/api/node_modules/express/lib/router/route.js:216:15)
    at proto.<computed> [as post] (/Users/denisbogoslovskiy/WebstormProjects/e-commerce/api/node_modules/express/lib/router/index.js:521:19)
    at <anonymous> (/Users/denisbogoslovskiy/WebstormProjects/e-commerce/api/src/routes/products.routes.ts:104:8)
    at ModuleJob.run (node:internal/modules/esm/module_job:195:25)
    at async ModuleLoader.import (node:internal/modules/esm/loader:337:24)
    at async loadESM (node:internal/process/esm_loader:34:7)
    at async handleMainPromise (node:internal/modules/run_main:106:12)
2025-07-15 13:18:03 [ERROR]: uncaughtException: Route.post() requires a callback function but got a [object Undefined]
Error: Route.post() requires a callback function but got a [object Undefined]
    at Route.<computed> [as post] (/Users/denisbogoslovskiy/WebstormProjects/e-commerce/api/node_modules/express/lib/router/route.js:216:15)
    at proto.<computed> [as post] (/Users/denisbogoslovskiy/WebstormProjects/e-commerce/api/node_modules/express/lib/router/index.js:521:19)
    at <anonymous> (/Users/denisbogoslovskiy/WebstormProjects/e-commerce/api/src/routes/products.routes.ts:104:8)
    at ModuleJob.run (node:internal/modules/esm/module_job:195:25)
    at async ModuleLoader.import (node:internal/modules/esm/loader:337:24)
    at async loadESM (node:internal/process/esm_loader:34:7)
    at async handleMainPromise (node:internal/modules/run_main:106:12) {"error":{},"exception":true,"date":"Tue Jul 15 2025 13:18:03 GMT+0300 (Eastern European Summer Time)","process":{"pid":41035,"uid":501,"gid":20,"cwd":"/Users/denisbogoslovskiy/WebstormProjects/e-commerce/api","execPath":"/Users/denisbogoslovskiy/.nvm/versions/node/v18.20.5/bin/node","version":"v18.20.5","argv":["/Users/denisbogoslovskiy/.nvm/versions/node/v18.20.5/bin/node","/Users/denisbogoslovskiy/WebstormProjects/e-commerce/api/app.ts"],"memoryUsage":{"rss":71712768,"heapTotal":33308672,"heapUsed":18522224,"external":2710471,"arrayBuffers":197707}},"os":{"loadavg":[7.27294921875,6.8046875,5.76708984375],"uptime":107665},"trace":[{"column":15,"file":"/Users/denisbogoslovskiy/WebstormProjects/e-commerce/api/node_modules/express/lib/router/route.js","function":"Route.<computed> [as post]","line":216,"method":"<computed> [as post]","native":false},{"column":19,"file":"/Users/denisbogoslovskiy/WebstormProjects/e-commerce/api/node_modules/express/lib/router/index.js","function":"proto.<computed> [as post]","line":521,"method":"<computed> [as post]","native":false},{"column":8,"file":"/Users/denisbogoslovskiy/WebstormProjects/e-commerce/api/src/routes/products.routes.ts","function":"<anonymous>","line":104,"method":null,"native":false},{"column":25,"file":"node:internal/modules/esm/module_job","function":"ModuleJob.run","line":195,"method":"run","native":false},{"column":24,"file":"node:internal/modules/esm/loader","function":"async ModuleLoader.import","line":337,"method":"import","native":false},{"column":7,"file":"node:internal/process/esm_loader","function":"async loadESM","line":34,"method":null,"native":false},{"column":12,"file":"node:internal/modules/run_main","function":"async handleMainPromise","line":106,"method":null,"native":false}]}
Error: Route.post() requires a callback function but got a [object Undefined]
    at Route.<computed> [as post] (/Users/denisbogoslovskiy/WebstormProjects/e-commerce/api/node_modules/express/lib/router/route.js:216:15)
    at proto.<computed> [as post] (/Users/denisbogoslovskiy/WebstormProjects/e-commerce/api/node_modules/express/lib/router/index.js:521:19)
    at <anonymous> (/Users/denisbogoslovskiy/WebstormProjects/e-commerce/api/src/routes/products.routes.ts:104:8)
    at ModuleJob.run (node:internal/modules/esm/module_job:195:25)
    at async ModuleLoader.import (node:internal/modules/esm/loader:337:24)
    at async loadESM (node:internal/process/esm_loader:34:7)
    at async handleMainPromise (node:internal/modules/run_main:106:12)
2025-07-15 13:20:25 [ERROR]: uncaughtException: Route.post() requires a callback function but got a [object Undefined]
Error: Route.post() requires a callback function but got a [object Undefined]
    at Route.<computed> [as post] (/Users/denisbogoslovskiy/WebstormProjects/e-commerce/api/node_modules/express/lib/router/route.js:216:15)
    at proto.<computed> [as post] (/Users/denisbogoslovskiy/WebstormProjects/e-commerce/api/node_modules/express/lib/router/index.js:521:19)
    at <anonymous> (/Users/denisbogoslovskiy/WebstormProjects/e-commerce/api/src/routes/products.routes.ts:104:8)
    at ModuleJob.run (node:internal/modules/esm/module_job:195:25)
    at async ModuleLoader.import (node:internal/modules/esm/loader:337:24)
    at async loadESM (node:internal/process/esm_loader:34:7)
    at async handleMainPromise (node:internal/modules/run_main:106:12) {"error":{},"exception":true,"date":"Tue Jul 15 2025 13:20:25 GMT+0300 (Eastern European Summer Time)","process":{"pid":41130,"uid":501,"gid":20,"cwd":"/Users/denisbogoslovskiy/WebstormProjects/e-commerce/api","execPath":"/Users/denisbogoslovskiy/.nvm/versions/node/v18.20.5/bin/node","version":"v18.20.5","argv":["/Users/denisbogoslovskiy/.nvm/versions/node/v18.20.5/bin/node","/Users/denisbogoslovskiy/WebstormProjects/e-commerce/api/app.ts"],"memoryUsage":{"rss":98238464,"heapTotal":33570816,"heapUsed":18669632,"external":2676691,"arrayBuffers":163927}},"os":{"loadavg":[11.94140625,9.10888671875,6.8935546875],"uptime":107807},"trace":[{"column":15,"file":"/Users/denisbogoslovskiy/WebstormProjects/e-commerce/api/node_modules/express/lib/router/route.js","function":"Route.<computed> [as post]","line":216,"method":"<computed> [as post]","native":false},{"column":19,"file":"/Users/denisbogoslovskiy/WebstormProjects/e-commerce/api/node_modules/express/lib/router/index.js","function":"proto.<computed> [as post]","line":521,"method":"<computed> [as post]","native":false},{"column":8,"file":"/Users/denisbogoslovskiy/WebstormProjects/e-commerce/api/src/routes/products.routes.ts","function":"<anonymous>","line":104,"method":null,"native":false},{"column":25,"file":"node:internal/modules/esm/module_job","function":"ModuleJob.run","line":195,"method":"run","native":false},{"column":24,"file":"node:internal/modules/esm/loader","function":"async ModuleLoader.import","line":337,"method":"import","native":false},{"column":7,"file":"node:internal/process/esm_loader","function":"async loadESM","line":34,"method":null,"native":false},{"column":12,"file":"node:internal/modules/run_main","function":"async handleMainPromise","line":106,"method":null,"native":false}]}
Error: Route.post() requires a callback function but got a [object Undefined]
    at Route.<computed> [as post] (/Users/denisbogoslovskiy/WebstormProjects/e-commerce/api/node_modules/express/lib/router/route.js:216:15)
    at proto.<computed> [as post] (/Users/denisbogoslovskiy/WebstormProjects/e-commerce/api/node_modules/express/lib/router/index.js:521:19)
    at <anonymous> (/Users/denisbogoslovskiy/WebstormProjects/e-commerce/api/src/routes/products.routes.ts:104:8)
    at ModuleJob.run (node:internal/modules/esm/module_job:195:25)
    at async ModuleLoader.import (node:internal/modules/esm/loader:337:24)
    at async loadESM (node:internal/process/esm_loader:34:7)
    at async handleMainPromise (node:internal/modules/run_main:106:12)
2025-07-15 13:23:05 [ERROR]: uncaughtException: Route.post() requires a callback function but got a [object Undefined]
Error: Route.post() requires a callback function but got a [object Undefined]
    at Route.<computed> [as post] (/Users/denisbogoslovskiy/WebstormProjects/e-commerce/api/node_modules/express/lib/router/route.js:216:15)
    at proto.<computed> [as post] (/Users/denisbogoslovskiy/WebstormProjects/e-commerce/api/node_modules/express/lib/router/index.js:521:19)
    at <anonymous> (/Users/denisbogoslovskiy/WebstormProjects/e-commerce/api/src/routes/products.routes.ts:104:8)
    at ModuleJob.run (node:internal/modules/esm/module_job:195:25)
    at async ModuleLoader.import (node:internal/modules/esm/loader:337:24)
    at async loadESM (node:internal/process/esm_loader:34:7)
    at async handleMainPromise (node:internal/modules/run_main:106:12) {"error":{},"exception":true,"date":"Tue Jul 15 2025 13:23:05 GMT+0300 (Eastern European Summer Time)","process":{"pid":41244,"uid":501,"gid":20,"cwd":"/Users/denisbogoslovskiy/WebstormProjects/e-commerce/api","execPath":"/Users/denisbogoslovskiy/.nvm/versions/node/v18.20.5/bin/node","version":"v18.20.5","argv":["/Users/denisbogoslovskiy/.nvm/versions/node/v18.20.5/bin/node","/Users/denisbogoslovskiy/WebstormProjects/e-commerce/api/app.ts"],"memoryUsage":{"rss":94650368,"heapTotal":33832960,"heapUsed":19402744,"external":2689008,"arrayBuffers":176244}},"os":{"loadavg":[8.28564453125,8.3193359375,6.92822265625],"uptime":107967},"trace":[{"column":15,"file":"/Users/denisbogoslovskiy/WebstormProjects/e-commerce/api/node_modules/express/lib/router/route.js","function":"Route.<computed> [as post]","line":216,"method":"<computed> [as post]","native":false},{"column":19,"file":"/Users/denisbogoslovskiy/WebstormProjects/e-commerce/api/node_modules/express/lib/router/index.js","function":"proto.<computed> [as post]","line":521,"method":"<computed> [as post]","native":false},{"column":8,"file":"/Users/denisbogoslovskiy/WebstormProjects/e-commerce/api/src/routes/products.routes.ts","function":"<anonymous>","line":104,"method":null,"native":false},{"column":25,"file":"node:internal/modules/esm/module_job","function":"ModuleJob.run","line":195,"method":"run","native":false},{"column":24,"file":"node:internal/modules/esm/loader","function":"async ModuleLoader.import","line":337,"method":"import","native":false},{"column":7,"file":"node:internal/process/esm_loader","function":"async loadESM","line":34,"method":null,"native":false},{"column":12,"file":"node:internal/modules/run_main","function":"async handleMainPromise","line":106,"method":null,"native":false}]}
Error: Route.post() requires a callback function but got a [object Undefined]
    at Route.<computed> [as post] (/Users/denisbogoslovskiy/WebstormProjects/e-commerce/api/node_modules/express/lib/router/route.js:216:15)
    at proto.<computed> [as post] (/Users/denisbogoslovskiy/WebstormProjects/e-commerce/api/node_modules/express/lib/router/index.js:521:19)
    at <anonymous> (/Users/denisbogoslovskiy/WebstormProjects/e-commerce/api/src/routes/products.routes.ts:104:8)
    at ModuleJob.run (node:internal/modules/esm/module_job:195:25)
    at async ModuleLoader.import (node:internal/modules/esm/loader:337:24)
    at async loadESM (node:internal/process/esm_loader:34:7)
    at async handleMainPromise (node:internal/modules/run_main:106:12)
2025-07-15 13:24:14 [ERROR]: uncaughtException: Route.post() requires a callback function but got a [object Undefined]
Error: Route.post() requires a callback function but got a [object Undefined]
    at Route.<computed> [as post] (/Users/denisbogoslovskiy/WebstormProjects/e-commerce/api/node_modules/express/lib/router/route.js:216:15)
    at proto.<computed> [as post] (/Users/denisbogoslovskiy/WebstormProjects/e-commerce/api/node_modules/express/lib/router/index.js:521:19)
    at <anonymous> (/Users/denisbogoslovskiy/WebstormProjects/e-commerce/api/src/routes/products.routes.ts:104:8)
    at ModuleJob.run (node:internal/modules/esm/module_job:195:25)
    at async ModuleLoader.import (node:internal/modules/esm/loader:337:24)
    at async loadESM (node:internal/process/esm_loader:34:7)
    at async handleMainPromise (node:internal/modules/run_main:106:12) {"error":{},"exception":true,"date":"Tue Jul 15 2025 13:24:14 GMT+0300 (Eastern European Summer Time)","process":{"pid":41299,"uid":501,"gid":20,"cwd":"/Users/denisbogoslovskiy/WebstormProjects/e-commerce/api","execPath":"/Users/denisbogoslovskiy/.nvm/versions/node/v18.20.5/bin/node","version":"v18.20.5","argv":["/Users/denisbogoslovskiy/.nvm/versions/node/v18.20.5/bin/node","/Users/denisbogoslovskiy/WebstormProjects/e-commerce/api/app.ts"],"memoryUsage":{"rss":93421568,"heapTotal":33570816,"heapUsed":18595392,"external":2682103,"arrayBuffers":169339}},"os":{"loadavg":[7.6962890625,8.1533203125,6.97509765625],"uptime":108036},"trace":[{"column":15,"file":"/Users/denisbogoslovskiy/WebstormProjects/e-commerce/api/node_modules/express/lib/router/route.js","function":"Route.<computed> [as post]","line":216,"method":"<computed> [as post]","native":false},{"column":19,"file":"/Users/denisbogoslovskiy/WebstormProjects/e-commerce/api/node_modules/express/lib/router/index.js","function":"proto.<computed> [as post]","line":521,"method":"<computed> [as post]","native":false},{"column":8,"file":"/Users/denisbogoslovskiy/WebstormProjects/e-commerce/api/src/routes/products.routes.ts","function":"<anonymous>","line":104,"method":null,"native":false},{"column":25,"file":"node:internal/modules/esm/module_job","function":"ModuleJob.run","line":195,"method":"run","native":false},{"column":24,"file":"node:internal/modules/esm/loader","function":"async ModuleLoader.import","line":337,"method":"import","native":false},{"column":7,"file":"node:internal/process/esm_loader","function":"async loadESM","line":34,"method":null,"native":false},{"column":12,"file":"node:internal/modules/run_main","function":"async handleMainPromise","line":106,"method":null,"native":false}]}
Error: Route.post() requires a callback function but got a [object Undefined]
    at Route.<computed> [as post] (/Users/denisbogoslovskiy/WebstormProjects/e-commerce/api/node_modules/express/lib/router/route.js:216:15)
    at proto.<computed> [as post] (/Users/denisbogoslovskiy/WebstormProjects/e-commerce/api/node_modules/express/lib/router/index.js:521:19)
    at <anonymous> (/Users/denisbogoslovskiy/WebstormProjects/e-commerce/api/src/routes/products.routes.ts:104:8)
    at ModuleJob.run (node:internal/modules/esm/module_job:195:25)
    at async ModuleLoader.import (node:internal/modules/esm/loader:337:24)
    at async loadESM (node:internal/process/esm_loader:34:7)
    at async handleMainPromise (node:internal/modules/run_main:106:12)
2025-07-15 13:30:04 [ERROR]: uncaughtException: Route.post() requires a callback function but got a [object Undefined]
Error: Route.post() requires a callback function but got a [object Undefined]
    at Route.<computed> [as post] (/Users/denisbogoslovskiy/WebstormProjects/e-commerce/api/node_modules/express/lib/router/route.js:216:15)
    at proto.<computed> [as post] (/Users/denisbogoslovskiy/WebstormProjects/e-commerce/api/node_modules/express/lib/router/index.js:521:19)
    at <anonymous> (/Users/denisbogoslovskiy/WebstormProjects/e-commerce/api/src/routes/products.routes.ts:104:8)
    at ModuleJob.run (node:internal/modules/esm/module_job:195:25)
    at async ModuleLoader.import (node:internal/modules/esm/loader:337:24)
    at async loadESM (node:internal/process/esm_loader:34:7)
    at async handleMainPromise (node:internal/modules/run_main:106:12) {"error":{},"exception":true,"date":"Tue Jul 15 2025 13:30:04 GMT+0300 (Eastern European Summer Time)","process":{"pid":41718,"uid":501,"gid":20,"cwd":"/Users/denisbogoslovskiy/WebstormProjects/e-commerce/api","execPath":"/Users/denisbogoslovskiy/.nvm/versions/node/v18.20.5/bin/node","version":"v18.20.5","argv":["/Users/denisbogoslovskiy/.nvm/versions/node/v18.20.5/bin/node","/Users/denisbogoslovskiy/WebstormProjects/e-commerce/api/app.ts"],"memoryUsage":{"rss":70287360,"heapTotal":33046528,"heapUsed":18118200,"external":2665975,"arrayBuffers":153211}},"os":{"loadavg":[18.1904296875,12.3154296875,9.12939453125],"uptime":108386},"trace":[{"column":15,"file":"/Users/denisbogoslovskiy/WebstormProjects/e-commerce/api/node_modules/express/lib/router/route.js","function":"Route.<computed> [as post]","line":216,"method":"<computed> [as post]","native":false},{"column":19,"file":"/Users/denisbogoslovskiy/WebstormProjects/e-commerce/api/node_modules/express/lib/router/index.js","function":"proto.<computed> [as post]","line":521,"method":"<computed> [as post]","native":false},{"column":8,"file":"/Users/denisbogoslovskiy/WebstormProjects/e-commerce/api/src/routes/products.routes.ts","function":"<anonymous>","line":104,"method":null,"native":false},{"column":25,"file":"node:internal/modules/esm/module_job","function":"ModuleJob.run","line":195,"method":"run","native":false},{"column":24,"file":"node:internal/modules/esm/loader","function":"async ModuleLoader.import","line":337,"method":"import","native":false},{"column":7,"file":"node:internal/process/esm_loader","function":"async loadESM","line":34,"method":null,"native":false},{"column":12,"file":"node:internal/modules/run_main","function":"async handleMainPromise","line":106,"method":null,"native":false}]}
Error: Route.post() requires a callback function but got a [object Undefined]
    at Route.<computed> [as post] (/Users/denisbogoslovskiy/WebstormProjects/e-commerce/api/node_modules/express/lib/router/route.js:216:15)
    at proto.<computed> [as post] (/Users/denisbogoslovskiy/WebstormProjects/e-commerce/api/node_modules/express/lib/router/index.js:521:19)
    at <anonymous> (/Users/denisbogoslovskiy/WebstormProjects/e-commerce/api/src/routes/products.routes.ts:104:8)
    at ModuleJob.run (node:internal/modules/esm/module_job:195:25)
    at async ModuleLoader.import (node:internal/modules/esm/loader:337:24)
    at async loadESM (node:internal/process/esm_loader:34:7)
    at async handleMainPromise (node:internal/modules/run_main:106:12)
2025-07-15 13:33:56 [ERROR]: uncaughtException: Route.post() requires a callback function but got a [object Undefined]
Error: Route.post() requires a callback function but got a [object Undefined]
    at Route.<computed> [as post] (/Users/denisbogoslovskiy/WebstormProjects/e-commerce/api/node_modules/express/lib/router/route.js:216:15)
    at proto.<computed> [as post] (/Users/denisbogoslovskiy/WebstormProjects/e-commerce/api/node_modules/express/lib/router/index.js:521:19)
    at <anonymous> (/Users/denisbogoslovskiy/WebstormProjects/e-commerce/api/src/routes/products.routes.ts:104:8)
    at ModuleJob.run (node:internal/modules/esm/module_job:195:25)
    at async ModuleLoader.import (node:internal/modules/esm/loader:337:24)
    at async loadESM (node:internal/process/esm_loader:34:7)
    at async handleMainPromise (node:internal/modules/run_main:106:12) {"error":{},"exception":true,"date":"Tue Jul 15 2025 13:33:56 GMT+0300 (Eastern European Summer Time)","process":{"pid":41793,"uid":501,"gid":20,"cwd":"/Users/denisbogoslovskiy/WebstormProjects/e-commerce/api","execPath":"/Users/denisbogoslovskiy/.nvm/versions/node/v18.20.5/bin/node","version":"v18.20.5","argv":["/Users/denisbogoslovskiy/.nvm/versions/node/v18.20.5/bin/node","/Users/denisbogoslovskiy/WebstormProjects/e-commerce/api/app.ts"],"memoryUsage":{"rss":92946432,"heapTotal":33570816,"heapUsed":17873688,"external":2604760,"arrayBuffers":91996}},"os":{"loadavg":[15.43798828125,14.9853515625,11.15625],"uptime":108618},"trace":[{"column":15,"file":"/Users/denisbogoslovskiy/WebstormProjects/e-commerce/api/node_modules/express/lib/router/route.js","function":"Route.<computed> [as post]","line":216,"method":"<computed> [as post]","native":false},{"column":19,"file":"/Users/denisbogoslovskiy/WebstormProjects/e-commerce/api/node_modules/express/lib/router/index.js","function":"proto.<computed> [as post]","line":521,"method":"<computed> [as post]","native":false},{"column":8,"file":"/Users/denisbogoslovskiy/WebstormProjects/e-commerce/api/src/routes/products.routes.ts","function":"<anonymous>","line":104,"method":null,"native":false},{"column":25,"file":"node:internal/modules/esm/module_job","function":"ModuleJob.run","line":195,"method":"run","native":false},{"column":24,"file":"node:internal/modules/esm/loader","function":"async ModuleLoader.import","line":337,"method":"import","native":false},{"column":7,"file":"node:internal/process/esm_loader","function":"async loadESM","line":34,"method":null,"native":false},{"column":12,"file":"node:internal/modules/run_main","function":"async handleMainPromise","line":106,"method":null,"native":false}]}
Error: Route.post() requires a callback function but got a [object Undefined]
    at Route.<computed> [as post] (/Users/denisbogoslovskiy/WebstormProjects/e-commerce/api/node_modules/express/lib/router/route.js:216:15)
    at proto.<computed> [as post] (/Users/denisbogoslovskiy/WebstormProjects/e-commerce/api/node_modules/express/lib/router/index.js:521:19)
    at <anonymous> (/Users/denisbogoslovskiy/WebstormProjects/e-commerce/api/src/routes/products.routes.ts:104:8)
    at ModuleJob.run (node:internal/modules/esm/module_job:195:25)
    at async ModuleLoader.import (node:internal/modules/esm/loader:337:24)
    at async loadESM (node:internal/process/esm_loader:34:7)
    at async handleMainPromise (node:internal/modules/run_main:106:12)
2025-07-15 13:34:24 [ERROR]: uncaughtException: Route.post() requires a callback function but got a [object Undefined]
Error: Route.post() requires a callback function but got a [object Undefined]
    at Route.<computed> [as post] (/Users/denisbogoslovskiy/WebstormProjects/e-commerce/api/node_modules/express/lib/router/route.js:216:15)
    at proto.<computed> [as post] (/Users/denisbogoslovskiy/WebstormProjects/e-commerce/api/node_modules/express/lib/router/index.js:521:19)
    at <anonymous> (/Users/denisbogoslovskiy/WebstormProjects/e-commerce/api/src/routes/products.routes.ts:104:8)
    at ModuleJob.run (node:internal/modules/esm/module_job:195:25)
    at async ModuleLoader.import (node:internal/modules/esm/loader:337:24)
    at async loadESM (node:internal/process/esm_loader:34:7)
    at async handleMainPromise (node:internal/modules/run_main:106:12) {"error":{},"exception":true,"date":"Tue Jul 15 2025 13:34:24 GMT+0300 (Eastern European Summer Time)","process":{"pid":41824,"uid":501,"gid":20,"cwd":"/Users/denisbogoslovskiy/WebstormProjects/e-commerce/api","execPath":"/Users/denisbogoslovskiy/.nvm/versions/node/v18.20.5/bin/node","version":"v18.20.5","argv":["/Users/denisbogoslovskiy/.nvm/versions/node/v18.20.5/bin/node","/Users/denisbogoslovskiy/WebstormProjects/e-commerce/api/app.ts"],"memoryUsage":{"rss":88309760,"heapTotal":33308672,"heapUsed":17824456,"external":2609114,"arrayBuffers":96350}},"os":{"loadavg":[14.5498046875,14.86181640625,11.24609375],"uptime":108646},"trace":[{"column":15,"file":"/Users/denisbogoslovskiy/WebstormProjects/e-commerce/api/node_modules/express/lib/router/route.js","function":"Route.<computed> [as post]","line":216,"method":"<computed> [as post]","native":false},{"column":19,"file":"/Users/denisbogoslovskiy/WebstormProjects/e-commerce/api/node_modules/express/lib/router/index.js","function":"proto.<computed> [as post]","line":521,"method":"<computed> [as post]","native":false},{"column":8,"file":"/Users/denisbogoslovskiy/WebstormProjects/e-commerce/api/src/routes/products.routes.ts","function":"<anonymous>","line":104,"method":null,"native":false},{"column":25,"file":"node:internal/modules/esm/module_job","function":"ModuleJob.run","line":195,"method":"run","native":false},{"column":24,"file":"node:internal/modules/esm/loader","function":"async ModuleLoader.import","line":337,"method":"import","native":false},{"column":7,"file":"node:internal/process/esm_loader","function":"async loadESM","line":34,"method":null,"native":false},{"column":12,"file":"node:internal/modules/run_main","function":"async handleMainPromise","line":106,"method":null,"native":false}]}
Error: Route.post() requires a callback function but got a [object Undefined]
    at Route.<computed> [as post] (/Users/denisbogoslovskiy/WebstormProjects/e-commerce/api/node_modules/express/lib/router/route.js:216:15)
    at proto.<computed> [as post] (/Users/denisbogoslovskiy/WebstormProjects/e-commerce/api/node_modules/express/lib/router/index.js:521:19)
    at <anonymous> (/Users/denisbogoslovskiy/WebstormProjects/e-commerce/api/src/routes/products.routes.ts:104:8)
    at ModuleJob.run (node:internal/modules/esm/module_job:195:25)
    at async ModuleLoader.import (node:internal/modules/esm/loader:337:24)
    at async loadESM (node:internal/process/esm_loader:34:7)
    at async handleMainPromise (node:internal/modules/run_main:106:12)
2025-07-15 13:34:55 [ERROR]: uncaughtException: Route.post() requires a callback function but got a [object Undefined]
Error: Route.post() requires a callback function but got a [object Undefined]
    at Route.<computed> [as post] (/Users/denisbogoslovskiy/WebstormProjects/e-commerce/api/node_modules/express/lib/router/route.js:216:15)
    at proto.<computed> [as post] (/Users/denisbogoslovskiy/WebstormProjects/e-commerce/api/node_modules/express/lib/router/index.js:521:19)
    at <anonymous> (/Users/denisbogoslovskiy/WebstormProjects/e-commerce/api/src/routes/products.routes.ts:104:8)
    at ModuleJob.run (node:internal/modules/esm/module_job:195:25)
    at async ModuleLoader.import (node:internal/modules/esm/loader:337:24)
    at async loadESM (node:internal/process/esm_loader:34:7)
    at async handleMainPromise (node:internal/modules/run_main:106:12) {"error":{},"exception":true,"date":"Tue Jul 15 2025 13:34:55 GMT+0300 (Eastern European Summer Time)","process":{"pid":41858,"uid":501,"gid":20,"cwd":"/Users/denisbogoslovskiy/WebstormProjects/e-commerce/api","execPath":"/Users/denisbogoslovskiy/.nvm/versions/node/v18.20.5/bin/node","version":"v18.20.5","argv":["/Users/denisbogoslovskiy/.nvm/versions/node/v18.20.5/bin/node","/Users/denisbogoslovskiy/WebstormProjects/e-commerce/api/app.ts"],"memoryUsage":{"rss":97976320,"heapTotal":33570816,"heapUsed":17764032,"external":2611669,"arrayBuffers":98905}},"os":{"loadavg":[14.77978515625,14.85205078125,11.36474609375],"uptime":108677},"trace":[{"column":15,"file":"/Users/denisbogoslovskiy/WebstormProjects/e-commerce/api/node_modules/express/lib/router/route.js","function":"Route.<computed> [as post]","line":216,"method":"<computed> [as post]","native":false},{"column":19,"file":"/Users/denisbogoslovskiy/WebstormProjects/e-commerce/api/node_modules/express/lib/router/index.js","function":"proto.<computed> [as post]","line":521,"method":"<computed> [as post]","native":false},{"column":8,"file":"/Users/denisbogoslovskiy/WebstormProjects/e-commerce/api/src/routes/products.routes.ts","function":"<anonymous>","line":104,"method":null,"native":false},{"column":25,"file":"node:internal/modules/esm/module_job","function":"ModuleJob.run","line":195,"method":"run","native":false},{"column":24,"file":"node:internal/modules/esm/loader","function":"async ModuleLoader.import","line":337,"method":"import","native":false},{"column":7,"file":"node:internal/process/esm_loader","function":"async loadESM","line":34,"method":null,"native":false},{"column":12,"file":"node:internal/modules/run_main","function":"async handleMainPromise","line":106,"method":null,"native":false}]}
Error: Route.post() requires a callback function but got a [object Undefined]
    at Route.<computed> [as post] (/Users/denisbogoslovskiy/WebstormProjects/e-commerce/api/node_modules/express/lib/router/route.js:216:15)
    at proto.<computed> [as post] (/Users/denisbogoslovskiy/WebstormProjects/e-commerce/api/node_modules/express/lib/router/index.js:521:19)
    at <anonymous> (/Users/denisbogoslovskiy/WebstormProjects/e-commerce/api/src/routes/products.routes.ts:104:8)
    at ModuleJob.run (node:internal/modules/esm/module_job:195:25)
    at async ModuleLoader.import (node:internal/modules/esm/loader:337:24)
    at async loadESM (node:internal/process/esm_loader:34:7)
    at async handleMainPromise (node:internal/modules/run_main:106:12)
2025-07-15 13:35:35 [ERROR]: uncaughtException: Route.post() requires a callback function but got a [object Undefined]
Error: Route.post() requires a callback function but got a [object Undefined]
    at Route.<computed> [as post] (/Users/denisbogoslovskiy/WebstormProjects/e-commerce/api/node_modules/express/lib/router/route.js:216:15)
    at proto.<computed> [as post] (/Users/denisbogoslovskiy/WebstormProjects/e-commerce/api/node_modules/express/lib/router/index.js:521:19)
    at <anonymous> (/Users/denisbogoslovskiy/WebstormProjects/e-commerce/api/src/routes/products.routes.ts:104:8)
    at ModuleJob.run (node:internal/modules/esm/module_job:195:25)
    at async ModuleLoader.import (node:internal/modules/esm/loader:337:24)
    at async loadESM (node:internal/process/esm_loader:34:7)
    at async handleMainPromise (node:internal/modules/run_main:106:12) {"error":{},"exception":true,"date":"Tue Jul 15 2025 13:35:35 GMT+0300 (Eastern European Summer Time)","process":{"pid":41888,"uid":501,"gid":20,"cwd":"/Users/denisbogoslovskiy/WebstormProjects/e-commerce/api","execPath":"/Users/denisbogoslovskiy/.nvm/versions/node/v18.20.5/bin/node","version":"v18.20.5","argv":["/Users/denisbogoslovskiy/.nvm/versions/node/v18.20.5/bin/node","/Users/denisbogoslovskiy/WebstormProjects/e-commerce/api/app.ts"],"memoryUsage":{"rss":98467840,"heapTotal":33570816,"heapUsed":17653640,"external":2604760,"arrayBuffers":91996}},"os":{"loadavg":[9.6005859375,13.55615234375,11.05126953125],"uptime":108717},"trace":[{"column":15,"file":"/Users/denisbogoslovskiy/WebstormProjects/e-commerce/api/node_modules/express/lib/router/route.js","function":"Route.<computed> [as post]","line":216,"method":"<computed> [as post]","native":false},{"column":19,"file":"/Users/denisbogoslovskiy/WebstormProjects/e-commerce/api/node_modules/express/lib/router/index.js","function":"proto.<computed> [as post]","line":521,"method":"<computed> [as post]","native":false},{"column":8,"file":"/Users/denisbogoslovskiy/WebstormProjects/e-commerce/api/src/routes/products.routes.ts","function":"<anonymous>","line":104,"method":null,"native":false},{"column":25,"file":"node:internal/modules/esm/module_job","function":"ModuleJob.run","line":195,"method":"run","native":false},{"column":24,"file":"node:internal/modules/esm/loader","function":"async ModuleLoader.import","line":337,"method":"import","native":false},{"column":7,"file":"node:internal/process/esm_loader","function":"async loadESM","line":34,"method":null,"native":false},{"column":12,"file":"node:internal/modules/run_main","function":"async handleMainPromise","line":106,"method":null,"native":false}]}
Error: Route.post() requires a callback function but got a [object Undefined]
    at Route.<computed> [as post] (/Users/denisbogoslovskiy/WebstormProjects/e-commerce/api/node_modules/express/lib/router/route.js:216:15)
    at proto.<computed> [as post] (/Users/denisbogoslovskiy/WebstormProjects/e-commerce/api/node_modules/express/lib/router/index.js:521:19)
    at <anonymous> (/Users/denisbogoslovskiy/WebstormProjects/e-commerce/api/src/routes/products.routes.ts:104:8)
    at ModuleJob.run (node:internal/modules/esm/module_job:195:25)
    at async ModuleLoader.import (node:internal/modules/esm/loader:337:24)
    at async loadESM (node:internal/process/esm_loader:34:7)
    at async handleMainPromise (node:internal/modules/run_main:106:12)
2025-07-15 13:36:09 [ERROR]: uncaughtException: Route.post() requires a callback function but got a [object Undefined]
Error: Route.post() requires a callback function but got a [object Undefined]
    at Route.<computed> [as post] (/Users/denisbogoslovskiy/WebstormProjects/e-commerce/api/node_modules/express/lib/router/route.js:216:15)
    at proto.<computed> [as post] (/Users/denisbogoslovskiy/WebstormProjects/e-commerce/api/node_modules/express/lib/router/index.js:521:19)
    at <anonymous> (/Users/denisbogoslovskiy/WebstormProjects/e-commerce/api/src/routes/products.routes.ts:104:8)
    at ModuleJob.run (node:internal/modules/esm/module_job:195:25)
    at async ModuleLoader.import (node:internal/modules/esm/loader:337:24)
    at async loadESM (node:internal/process/esm_loader:34:7)
    at async handleMainPromise (node:internal/modules/run_main:106:12) {"error":{},"exception":true,"date":"Tue Jul 15 2025 13:36:09 GMT+0300 (Eastern European Summer Time)","process":{"pid":41928,"uid":501,"gid":20,"cwd":"/Users/denisbogoslovskiy/WebstormProjects/e-commerce/api","execPath":"/Users/denisbogoslovskiy/.nvm/versions/node/v18.20.5/bin/node","version":"v18.20.5","argv":["/Users/denisbogoslovskiy/.nvm/versions/node/v18.20.5/bin/node","/Users/denisbogoslovskiy/WebstormProjects/e-commerce/api/app.ts"],"memoryUsage":{"rss":95207424,"heapTotal":33832960,"heapUsed":18677120,"external":2651114,"arrayBuffers":138350}},"os":{"loadavg":[8.78173828125,12.95947265625,10.93603515625],"uptime":108751},"trace":[{"column":15,"file":"/Users/denisbogoslovskiy/WebstormProjects/e-commerce/api/node_modules/express/lib/router/route.js","function":"Route.<computed> [as post]","line":216,"method":"<computed> [as post]","native":false},{"column":19,"file":"/Users/denisbogoslovskiy/WebstormProjects/e-commerce/api/node_modules/express/lib/router/index.js","function":"proto.<computed> [as post]","line":521,"method":"<computed> [as post]","native":false},{"column":8,"file":"/Users/denisbogoslovskiy/WebstormProjects/e-commerce/api/src/routes/products.routes.ts","function":"<anonymous>","line":104,"method":null,"native":false},{"column":25,"file":"node:internal/modules/esm/module_job","function":"ModuleJob.run","line":195,"method":"run","native":false},{"column":24,"file":"node:internal/modules/esm/loader","function":"async ModuleLoader.import","line":337,"method":"import","native":false},{"column":7,"file":"node:internal/process/esm_loader","function":"async loadESM","line":34,"method":null,"native":false},{"column":12,"file":"node:internal/modules/run_main","function":"async handleMainPromise","line":106,"method":null,"native":false}]}
Error: Route.post() requires a callback function but got a [object Undefined]
    at Route.<computed> [as post] (/Users/denisbogoslovskiy/WebstormProjects/e-commerce/api/node_modules/express/lib/router/route.js:216:15)
    at proto.<computed> [as post] (/Users/denisbogoslovskiy/WebstormProjects/e-commerce/api/node_modules/express/lib/router/index.js:521:19)
    at <anonymous> (/Users/denisbogoslovskiy/WebstormProjects/e-commerce/api/src/routes/products.routes.ts:104:8)
    at ModuleJob.run (node:internal/modules/esm/module_job:195:25)
    at async ModuleLoader.import (node:internal/modules/esm/loader:337:24)
    at async loadESM (node:internal/process/esm_loader:34:7)
    at async handleMainPromise (node:internal/modules/run_main:106:12)
2025-10-06 14:44:11 [ERROR]: uncaughtException: write after end
Error: write after end
    at writeAfterEnd (/Users/denisbogoslovskiy/WebstormProjects/e-commerce/api/node_modules/readable-stream/lib/_stream_writable.js:264:12)
    at Writable.write (/Users/denisbogoslovskiy/WebstormProjects/e-commerce/api/node_modules/readable-stream/lib/_stream_writable.js:300:21)
    at File.log (/Users/denisbogoslovskiy/WebstormProjects/e-commerce/api/node_modules/winston/lib/winston/transports/file.js:222:34)
    at RejectionStream._write (/Users/denisbogoslovskiy/WebstormProjects/e-commerce/api/node_modules/winston/lib/winston/rejection-stream.js:46:29)
    at doWrite (/Users/denisbogoslovskiy/WebstormProjects/e-commerce/api/node_modules/readable-stream/lib/_stream_writable.js:390:139)
    at writeOrBuffer (/Users/denisbogoslovskiy/WebstormProjects/e-commerce/api/node_modules/readable-stream/lib/_stream_writable.js:381:5)
    at Writable.write (/Users/denisbogoslovskiy/WebstormProjects/e-commerce/api/node_modules/readable-stream/lib/_stream_writable.js:302:11)
    at DerivedLogger.ondata (/Users/denisbogoslovskiy/WebstormProjects/e-commerce/api/node_modules/readable-stream/lib/_stream_readable.js:629:20)
    at DerivedLogger.emit (node:events:536:35)
    at addChunk (/Users/denisbogoslovskiy/WebstormProjects/e-commerce/api/node_modules/readable-stream/lib/_stream_readable.js:279:12) {"error":{},"exception":true,"date":"Mon Oct 06 2025 14:44:11 GMT+0300 (Eastern European Summer Time)","process":{"pid":44480,"uid":501,"gid":20,"cwd":"/Users/denisbogoslovskiy/WebstormProjects/e-commerce/api","execPath":"/Users/denisbogoslovskiy/.nvm/versions/node/v20.19.4/bin/node","version":"v20.19.4","argv":["/Users/denisbogoslovskiy/.nvm/versions/node/v20.19.4/bin/node","/Users/denisbogoslovskiy/WebstormProjects/e-commerce/api/app.ts"],"memoryUsage":{"rss":66846720,"heapTotal":22216704,"heapUsed":20049640,"external":3389011,"arrayBuffers":48086}},"os":{"loadavg":[4.41162109375,6.3310546875,6.1416015625],"uptime":329205},"trace":[{"column":12,"file":"/Users/denisbogoslovskiy/WebstormProjects/e-commerce/api/node_modules/readable-stream/lib/_stream_writable.js","function":"writeAfterEnd","line":264,"method":null,"native":false},{"column":21,"file":"/Users/denisbogoslovskiy/WebstormProjects/e-commerce/api/node_modules/readable-stream/lib/_stream_writable.js","function":"Writable.write","line":300,"method":"write","native":false},{"column":34,"file":"/Users/denisbogoslovskiy/WebstormProjects/e-commerce/api/node_modules/winston/lib/winston/transports/file.js","function":"File.log","line":222,"method":"log","native":false},{"column":29,"file":"/Users/denisbogoslovskiy/WebstormProjects/e-commerce/api/node_modules/winston/lib/winston/rejection-stream.js","function":"RejectionStream._write","line":46,"method":"_write","native":false},{"column":139,"file":"/Users/denisbogoslovskiy/WebstormProjects/e-commerce/api/node_modules/readable-stream/lib/_stream_writable.js","function":"doWrite","line":390,"method":null,"native":false},{"column":5,"file":"/Users/denisbogoslovskiy/WebstormProjects/e-commerce/api/node_modules/readable-stream/lib/_stream_writable.js","function":"writeOrBuffer","line":381,"method":null,"native":false},{"column":11,"file":"/Users/denisbogoslovskiy/WebstormProjects/e-commerce/api/node_modules/readable-stream/lib/_stream_writable.js","function":"Writable.write","line":302,"method":"write","native":false},{"column":20,"file":"/Users/denisbogoslovskiy/WebstormProjects/e-commerce/api/node_modules/readable-stream/lib/_stream_readable.js","function":"DerivedLogger.ondata","line":629,"method":"ondata","native":false},{"column":35,"file":"node:events","function":"DerivedLogger.emit","line":536,"method":"emit","native":false},{"column":12,"file":"/Users/denisbogoslovskiy/WebstormProjects/e-commerce/api/node_modules/readable-stream/lib/_stream_readable.js","function":"addChunk","line":279,"method":null,"native":false}]}
Error: write after end
    at writeAfterEnd (/Users/denisbogoslovskiy/WebstormProjects/e-commerce/api/node_modules/readable-stream/lib/_stream_writable.js:264:12)
    at Writable.write (/Users/denisbogoslovskiy/WebstormProjects/e-commerce/api/node_modules/readable-stream/lib/_stream_writable.js:300:21)
    at File.log (/Users/denisbogoslovskiy/WebstormProjects/e-commerce/api/node_modules/winston/lib/winston/transports/file.js:222:34)
    at RejectionStream._write (/Users/denisbogoslovskiy/WebstormProjects/e-commerce/api/node_modules/winston/lib/winston/rejection-stream.js:46:29)
    at doWrite (/Users/denisbogoslovskiy/WebstormProjects/e-commerce/api/node_modules/readable-stream/lib/_stream_writable.js:390:139)
    at writeOrBuffer (/Users/denisbogoslovskiy/WebstormProjects/e-commerce/api/node_modules/readable-stream/lib/_stream_writable.js:381:5)
    at Writable.write (/Users/denisbogoslovskiy/WebstormProjects/e-commerce/api/node_modules/readable-stream/lib/_stream_writable.js:302:11)
    at DerivedLogger.ondata (/Users/denisbogoslovskiy/WebstormProjects/e-commerce/api/node_modules/readable-stream/lib/_stream_readable.js:629:20)
    at DerivedLogger.emit (node:events:536:35)
    at addChunk (/Users/denisbogoslovskiy/WebstormProjects/e-commerce/api/node_modules/readable-stream/lib/_stream_readable.js:279:12)
