2025-10-06 14:43:53 [ERROR]: unhandledRejection: Failed to delete category
Error: Failed to delete category
    at deleteCategory (/Users/denisbogoslovskiy/WebstormProjects/e-commerce/api/src/controllers/categories.controller.ts:435:19)
    at Layer.handle [as handle_request] (/Users/denisbogoslovskiy/WebstormProjects/e-commerce/api/node_modules/express/lib/router/layer.js:95:5)
    at next (/Users/denisbogoslovskiy/WebstormProjects/e-commerce/api/node_modules/express/lib/router/route.js:149:13)
    at <anonymous> (/Users/denisbogoslovskiy/WebstormProjects/e-commerce/api/src/middleware/logging.middleware.ts:55:9)
    at Layer.handle [as handle_request] (/Users/denisbogoslovskiy/WebstormProjects/e-commerce/api/node_modules/express/lib/router/layer.js:95:5)
    at next (/Users/denisbogoslovskiy/WebstormProjects/e-commerce/api/node_modules/express/lib/router/route.js:149:13)
    at <anonymous> (/Users/denisbogoslovskiy/WebstormProjects/e-commerce/api/src/middleware/validation.middleware.ts:12:13)
    at Layer.handle [as handle_request] (/Users/denisbogoslovskiy/WebstormProjects/e-commerce/api/node_modules/express/lib/router/layer.js:95:5)
    at next (/Users/denisbogoslovskiy/WebstormProjects/e-commerce/api/node_modules/express/lib/router/route.js:149:13)
    at <anonymous> (/Users/denisbogoslovskiy/WebstormProjects/e-commerce/api/src/middleware/permissions.middleware.ts:18:20) {"error":{"success":false,"error":{"message":"Failed to delete category","statusCode":500}},"rejection":true,"date":"Mon Oct 06 2025 14:43:53 GMT+0300 (Eastern European Summer Time)","process":{"pid":44480,"uid":501,"gid":20,"cwd":"/Users/denisbogoslovskiy/WebstormProjects/e-commerce/api","execPath":"/Users/denisbogoslovskiy/.nvm/versions/node/v20.19.4/bin/node","version":"v20.19.4","argv":["/Users/denisbogoslovskiy/.nvm/versions/node/v20.19.4/bin/node","/Users/denisbogoslovskiy/WebstormProjects/e-commerce/api/app.ts"],"memoryUsage":{"rss":67502080,"heapTotal":20643840,"heapUsed":19097592,"external":3382367,"arrayBuffers":41482}},"os":{"loadavg":[5.49072265625,6.650390625,6.2470703125],"uptime":329187},"trace":[{"column":19,"file":"/Users/denisbogoslovskiy/WebstormProjects/e-commerce/api/src/controllers/categories.controller.ts","function":"deleteCategory","line":435,"method":null,"native":false},{"column":5,"file":"/Users/denisbogoslovskiy/WebstormProjects/e-commerce/api/node_modules/express/lib/router/layer.js","function":"Layer.handle [as handle_request]","line":95,"method":"handle [as handle_request]","native":false},{"column":13,"file":"/Users/denisbogoslovskiy/WebstormProjects/e-commerce/api/node_modules/express/lib/router/route.js","function":"next","line":149,"method":null,"native":false},{"column":9,"file":"/Users/denisbogoslovskiy/WebstormProjects/e-commerce/api/src/middleware/logging.middleware.ts","function":"<anonymous>","line":55,"method":null,"native":false},{"column":5,"file":"/Users/denisbogoslovskiy/WebstormProjects/e-commerce/api/node_modules/express/lib/router/layer.js","function":"Layer.handle [as handle_request]","line":95,"method":"handle [as handle_request]","native":false},{"column":13,"file":"/Users/denisbogoslovskiy/WebstormProjects/e-commerce/api/node_modules/express/lib/router/route.js","function":"next","line":149,"method":null,"native":false},{"column":13,"file":"/Users/denisbogoslovskiy/WebstormProjects/e-commerce/api/src/middleware/validation.middleware.ts","function":"<anonymous>","line":12,"method":null,"native":false},{"column":5,"file":"/Users/denisbogoslovskiy/WebstormProjects/e-commerce/api/node_modules/express/lib/router/layer.js","function":"Layer.handle [as handle_request]","line":95,"method":"handle [as handle_request]","native":false},{"column":13,"file":"/Users/denisbogoslovskiy/WebstormProjects/e-commerce/api/node_modules/express/lib/router/route.js","function":"next","line":149,"method":null,"native":false},{"column":20,"file":"/Users/denisbogoslovskiy/WebstormProjects/e-commerce/api/src/middleware/permissions.middleware.ts","function":"<anonymous>","line":18,"method":null,"native":false}]}
Error: Failed to delete category
    at deleteCategory (/Users/denisbogoslovskiy/WebstormProjects/e-commerce/api/src/controllers/categories.controller.ts:435:19)
    at Layer.handle [as handle_request] (/Users/denisbogoslovskiy/WebstormProjects/e-commerce/api/node_modules/express/lib/router/layer.js:95:5)
    at next (/Users/denisbogoslovskiy/WebstormProjects/e-commerce/api/node_modules/express/lib/router/route.js:149:13)
    at <anonymous> (/Users/denisbogoslovskiy/WebstormProjects/e-commerce/api/src/middleware/logging.middleware.ts:55:9)
    at Layer.handle [as handle_request] (/Users/denisbogoslovskiy/WebstormProjects/e-commerce/api/node_modules/express/lib/router/layer.js:95:5)
    at next (/Users/denisbogoslovskiy/WebstormProjects/e-commerce/api/node_modules/express/lib/router/route.js:149:13)
    at <anonymous> (/Users/denisbogoslovskiy/WebstormProjects/e-commerce/api/src/middleware/validation.middleware.ts:12:13)
    at Layer.handle [as handle_request] (/Users/denisbogoslovskiy/WebstormProjects/e-commerce/api/node_modules/express/lib/router/layer.js:95:5)
    at next (/Users/denisbogoslovskiy/WebstormProjects/e-commerce/api/node_modules/express/lib/router/route.js:149:13)
    at <anonymous> (/Users/denisbogoslovskiy/WebstormProjects/e-commerce/api/src/middleware/permissions.middleware.ts:18:20)
2025-10-06 14:44:32 [ERROR]: unhandledRejection: Failed to delete category
Error: Failed to delete category
    at deleteCategory (/Users/denisbogoslovskiy/WebstormProjects/e-commerce/api/src/controllers/categories.controller.ts:435:19)
    at Layer.handle [as handle_request] (/Users/denisbogoslovskiy/WebstormProjects/e-commerce/api/node_modules/express/lib/router/layer.js:95:5)
    at next (/Users/denisbogoslovskiy/WebstormProjects/e-commerce/api/node_modules/express/lib/router/route.js:149:13)
    at <anonymous> (/Users/denisbogoslovskiy/WebstormProjects/e-commerce/api/src/middleware/logging.middleware.ts:55:9)
    at Layer.handle [as handle_request] (/Users/denisbogoslovskiy/WebstormProjects/e-commerce/api/node_modules/express/lib/router/layer.js:95:5)
    at next (/Users/denisbogoslovskiy/WebstormProjects/e-commerce/api/node_modules/express/lib/router/route.js:149:13)
    at <anonymous> (/Users/denisbogoslovskiy/WebstormProjects/e-commerce/api/src/middleware/validation.middleware.ts:12:13)
    at Layer.handle [as handle_request] (/Users/denisbogoslovskiy/WebstormProjects/e-commerce/api/node_modules/express/lib/router/layer.js:95:5)
    at next (/Users/denisbogoslovskiy/WebstormProjects/e-commerce/api/node_modules/express/lib/router/route.js:149:13)
    at <anonymous> (/Users/denisbogoslovskiy/WebstormProjects/e-commerce/api/src/middleware/permissions.middleware.ts:18:20) {"error":{"success":false,"error":{"message":"Failed to delete category","statusCode":500}},"rejection":true,"date":"Mon Oct 06 2025 14:44:32 GMT+0300 (Eastern European Summer Time)","process":{"pid":44518,"uid":501,"gid":20,"cwd":"/Users/denisbogoslovskiy/WebstormProjects/e-commerce/api","execPath":"/Users/denisbogoslovskiy/.nvm/versions/node/v20.19.4/bin/node","version":"v20.19.4","argv":["/Users/denisbogoslovskiy/.nvm/versions/node/v20.19.4/bin/node","/Users/denisbogoslovskiy/WebstormProjects/e-commerce/api/app.ts"],"memoryUsage":{"rss":64454656,"heapTotal":21168128,"heapUsed":19478544,"external":3382367,"arrayBuffers":41482}},"os":{"loadavg":[3.90869140625,6.09619140625,6.06201171875],"uptime":329226},"trace":[{"column":19,"file":"/Users/denisbogoslovskiy/WebstormProjects/e-commerce/api/src/controllers/categories.controller.ts","function":"deleteCategory","line":435,"method":null,"native":false},{"column":5,"file":"/Users/denisbogoslovskiy/WebstormProjects/e-commerce/api/node_modules/express/lib/router/layer.js","function":"Layer.handle [as handle_request]","line":95,"method":"handle [as handle_request]","native":false},{"column":13,"file":"/Users/denisbogoslovskiy/WebstormProjects/e-commerce/api/node_modules/express/lib/router/route.js","function":"next","line":149,"method":null,"native":false},{"column":9,"file":"/Users/denisbogoslovskiy/WebstormProjects/e-commerce/api/src/middleware/logging.middleware.ts","function":"<anonymous>","line":55,"method":null,"native":false},{"column":5,"file":"/Users/denisbogoslovskiy/WebstormProjects/e-commerce/api/node_modules/express/lib/router/layer.js","function":"Layer.handle [as handle_request]","line":95,"method":"handle [as handle_request]","native":false},{"column":13,"file":"/Users/denisbogoslovskiy/WebstormProjects/e-commerce/api/node_modules/express/lib/router/route.js","function":"next","line":149,"method":null,"native":false},{"column":13,"file":"/Users/denisbogoslovskiy/WebstormProjects/e-commerce/api/src/middleware/validation.middleware.ts","function":"<anonymous>","line":12,"method":null,"native":false},{"column":5,"file":"/Users/denisbogoslovskiy/WebstormProjects/e-commerce/api/node_modules/express/lib/router/layer.js","function":"Layer.handle [as handle_request]","line":95,"method":"handle [as handle_request]","native":false},{"column":13,"file":"/Users/denisbogoslovskiy/WebstormProjects/e-commerce/api/node_modules/express/lib/router/route.js","function":"next","line":149,"method":null,"native":false},{"column":20,"file":"/Users/denisbogoslovskiy/WebstormProjects/e-commerce/api/src/middleware/permissions.middleware.ts","function":"<anonymous>","line":18,"method":null,"native":false}]}
Error: Failed to delete category
    at deleteCategory (/Users/denisbogoslovskiy/WebstormProjects/e-commerce/api/src/controllers/categories.controller.ts:435:19)
    at Layer.handle [as handle_request] (/Users/denisbogoslovskiy/WebstormProjects/e-commerce/api/node_modules/express/lib/router/layer.js:95:5)
    at next (/Users/denisbogoslovskiy/WebstormProjects/e-commerce/api/node_modules/express/lib/router/route.js:149:13)
    at <anonymous> (/Users/denisbogoslovskiy/WebstormProjects/e-commerce/api/src/middleware/logging.middleware.ts:55:9)
    at Layer.handle [as handle_request] (/Users/denisbogoslovskiy/WebstormProjects/e-commerce/api/node_modules/express/lib/router/layer.js:95:5)
    at next (/Users/denisbogoslovskiy/WebstormProjects/e-commerce/api/node_modules/express/lib/router/route.js:149:13)
    at <anonymous> (/Users/denisbogoslovskiy/WebstormProjects/e-commerce/api/src/middleware/validation.middleware.ts:12:13)
    at Layer.handle [as handle_request] (/Users/denisbogoslovskiy/WebstormProjects/e-commerce/api/node_modules/express/lib/router/layer.js:95:5)
    at next (/Users/denisbogoslovskiy/WebstormProjects/e-commerce/api/node_modules/express/lib/router/route.js:149:13)
    at <anonymous> (/Users/denisbogoslovskiy/WebstormProjects/e-commerce/api/src/middleware/permissions.middleware.ts:18:20)
2025-10-06 14:45:56 [ERROR]: unhandledRejection: Failed to delete category
Error: Failed to delete category
    at deleteCategory (/Users/denisbogoslovskiy/WebstormProjects/e-commerce/api/src/controllers/categories.controller.ts:436:19)
    at process.processTicksAndRejections (node:internal/process/task_queues:95:5) {"error":{"success":false,"error":{"message":"Failed to delete category","statusCode":500}},"rejection":true,"date":"Mon Oct 06 2025 14:45:56 GMT+0300 (Eastern European Summer Time)","process":{"pid":44565,"uid":501,"gid":20,"cwd":"/Users/denisbogoslovskiy/WebstormProjects/e-commerce/api","execPath":"/Users/denisbogoslovskiy/.nvm/versions/node/v20.19.4/bin/node","version":"v20.19.4","argv":["/Users/denisbogoslovskiy/.nvm/versions/node/v20.19.4/bin/node","/Users/denisbogoslovskiy/WebstormProjects/e-commerce/api/app.ts"],"memoryUsage":{"rss":131006464,"heapTotal":90374144,"heapUsed":61327496,"external":3382367,"arrayBuffers":41482}},"os":{"loadavg":[5.3271484375,5.74072265625,5.90966796875],"uptime":329310},"trace":[{"column":19,"file":"/Users/denisbogoslovskiy/WebstormProjects/e-commerce/api/src/controllers/categories.controller.ts","function":"deleteCategory","line":436,"method":null,"native":false},{"column":5,"file":"node:internal/process/task_queues","function":"process.processTicksAndRejections","line":95,"method":"processTicksAndRejections","native":false}]}
Error: Failed to delete category
    at deleteCategory (/Users/denisbogoslovskiy/WebstormProjects/e-commerce/api/src/controllers/categories.controller.ts:436:19)
    at process.processTicksAndRejections (node:internal/process/task_queues:95:5)
